[0.000000] (-) TimerEvent: {}
[0.000188] (-) JobUnselected: {'identifier': 'drive_base_msgs'}
[0.000227] (-) JobUnselected: {'identifier': 'micro_ros_agent'}
[0.000249] (-) JobUnselected: {'identifier': 'micro_ros_msgs'}
[0.000266] (-) JobUnselected: {'identifier': 'micro_ros_setup'}
[0.000286] (my_robot_viz) JobQueued: {'identifier': 'my_robot_viz', 'dependencies': OrderedDict()}
[0.000797] (my_robot_viz) JobStarted: {'identifier': 'my_robot_viz'}
[0.099498] (-) TimerEvent: {}
[0.199897] (-) TimerEvent: {}
[0.300200] (-) TimerEvent: {}
[0.400678] (-) TimerEvent: {}
[0.522266] (-) TimerEvent: {}
[0.623442] (-) TimerEvent: {}
[0.723841] (-) TimerEvent: {}
[0.824167] (-) TimerEvent: {}
[0.924512] (-) TimerEvent: {}
[1.024885] (-) TimerEvent: {}
[1.125154] (-) TimerEvent: {}
[1.225455] (-) TimerEvent: {}
[1.325769] (-) TimerEvent: {}
[1.426046] (-) TimerEvent: {}
[1.526406] (-) TimerEvent: {}
[1.626735] (-) TimerEvent: {}
[1.727210] (-) TimerEvent: {}
[1.827567] (-) TimerEvent: {}
[1.928075] (-) TimerEvent: {}
[1.944866] (my_robot_viz) Command: {'cmd': ['/usr/bin/python3', '-W', 'ignore:setup.py install is deprecated', '-W', 'ignore:easy_install command is deprecated', 'setup.py', 'develop', '--editable', '--build-directory', '/home/samuel/Roboticaclase/RvizRobot/build/my_robot_viz/build', '--no-deps', 'symlink_data'], 'cwd': '/home/samuel/Roboticaclase/RvizRobot/build/my_robot_viz', 'env': {'GJS_DEBUG_TOPICS': 'JS ERROR;JS LOG', 'LESSOPEN': '| /usr/bin/lesspipe %s', 'VSCODE_CWD': '/home/samuel', 'GZ_SIM_RESOURCE_PATH': '/opt/ros/jazzy/share', 'USER': 'samuel', 'LC_TIME': 'es_BO.UTF-8', 'VSCODE_NLS_CONFIG': '{"userLocale":"en-us","osLocale":"en-us","resolvedLanguage":"en","defaultMessagesFile":"/usr/share/antigravity/resources/app/out/nls.messages.json","locale":"en-us","availableLanguages":{}}', 'GZ_CONFIG_PATH': '/opt/ros/jazzy/opt/gz_sim_vendor/share/gz:/opt/ros/jazzy/opt/sdformat_vendor/share/gz:/opt/ros/jazzy/opt/gz_gui_vendor/share/gz:/opt/ros/jazzy/opt/gz_transport_vendor/share/gz:/opt/ros/jazzy/opt/gz_rendering_vendor/share/gz:/opt/ros/jazzy/opt/gz_plugin_vendor/share/gz:/opt/ros/jazzy/opt/gz_fuel_tools_vendor/share/gz:/opt/ros/jazzy/opt/gz_msgs_vendor/share/gz:/opt/ros/jazzy/opt/gz_common_vendor/share/gz', 'XDG_SESSION_TYPE': 'x11', 'CLUTTER_DISABLE_MIPMAPPED_TEXT': '1', 'SHLVL': '1', 'LD_LIBRARY_PATH': '/opt/ros/jazzy/opt/gz_sim_vendor/lib:/opt/ros/jazzy/opt/gz_sensors_vendor/lib:/opt/ros/jazzy/opt/gz_physics_vendor/lib:/opt/ros/jazzy/opt/sdformat_vendor/lib:/opt/ros/jazzy/opt/rviz_ogre_vendor/lib:/opt/ros/jazzy/lib/x86_64-linux-gnu:/opt/ros/jazzy/opt/gz_gui_vendor/lib:/opt/ros/jazzy/opt/gz_transport_vendor/lib:/opt/ros/jazzy/opt/gz_rendering_vendor/lib:/opt/ros/jazzy/opt/gz_plugin_vendor/lib:/opt/ros/jazzy/opt/gz_fuel_tools_vendor/lib:/opt/ros/jazzy/opt/gz_msgs_vendor/lib:/opt/ros/jazzy/opt/gz_common_vendor/lib:/opt/ros/jazzy/opt/gz_math_vendor/lib:/opt/ros/jazzy/opt/gz_utils_vendor/lib:/opt/ros/jazzy/opt/gz_tools_vendor/lib:/opt/ros/jazzy/opt/gz_ogre_next_vendor/lib:/opt/ros/jazzy/opt/gz_dartsim_vendor/lib:/opt/ros/jazzy/opt/gz_cmake_vendor/lib:/opt/ros/jazzy/lib:/usr/local/cuda/lib64:/usr/local/cuda/lib64', 'HOME': '/home/samuel', 'CHROME_DESKTOP': 'antigravity.desktop', 'OLDPWD': '/home/samuel/Roboticaclase/RvizRobot', 'DESKTOP_SESSION': 'ubuntu', 'NVM_BIN': '/home/samuel/.nvm/versions/node/v24.13.0/bin', 'NVM_INC': '/home/samuel/.nvm/versions/node/v24.13.0/include/node', 'VSCODE_IPC_HOOK': '/run/user/1000/vscode-61b4d792-1.10-main.sock', 'GIO_LAUNCHED_DESKTOP_FILE': '/usr/share/applications/antigravity.desktop', 'ROS_PYTHON_VERSION': '3', 'GNOME_SHELL_SESSION_MODE': 'ubuntu', 'GTK_MODULES': 'gail:atk-bridge', 'PAGER': 'cat', 'LC_MONETARY': 'es_BO.UTF-8', 'MANAGERPID': '4914', 'SYSTEMD_EXEC_PID': '5399', 'GSM_SKIP_SSH_AGENT_WORKAROUND': 'true', 'DBUS_SESSION_BUS_ADDRESS': 'unix:path=/run/user/1000/bus', 'ANTIGRAVITY_AGENT': '1', 'GIO_LAUNCHED_DESKTOP_FILE_PID': '7667', 'NVM_DIR': '/home/samuel/.nvm', 'DEBUGINFOD_URLS': 'https://debuginfod.ubuntu.com', 'ROS_DISTRO': 'jazzy', 'LOGNAME': 'samuel', 'JOURNAL_STREAM': '8:37990', '_': '/usr/bin/colcon', 'ROS_VERSION': '2', 'MEMORY_PRESSURE_WATCH': '/sys/fs/cgroup/user.slice/user-1000.slice/user@1000.service/session.slice/org.gnome.Shell@x11.service/memory.pressure', 'XDG_SESSION_CLASS': 'user', 'USERNAME': 'samuel', 'TERM': 'dumb', 'GNOME_DESKTOP_SESSION_ID': 'this-is-deprecated', 'FC_FONTATIONS': '1', 'WINDOWPATH': '2', 'ANTIGRAVITY_EDITOR_APP_ROOT': '/usr/share/antigravity/resources/app', 'PATH': '/home/samuel/.local/bin:/home/samuel/.nvm/versions/node/v24.13.0/bin:/opt/ros/jazzy/opt/gz_msgs_vendor/bin:/opt/ros/jazzy/opt/gz_tools_vendor/bin:/opt/ros/jazzy/opt/gz_ogre_next_vendor/bin:/opt/ros/jazzy/bin:/usr/local/cuda/bin:/usr/local/cuda/bin:/home/samuel/.local/bin:/usr/local/sbin:/usr/local/bin:/usr/sbin:/usr/bin:/sbin:/bin:/usr/games:/usr/local/games:/snap/bin:/snap/bin:/home/samuel/.lmstudio/bin:/home/samuel/.lmstudio/bin:/home/samuel/.lmstudio/bin', 'SESSION_MANAGER': 'local/Samuel:@/tmp/.ICE-unix/5355,unix/Samuel:/tmp/.ICE-unix/5355', 'INVOCATION_ID': 'c597a2f5377b4994947755b98a4e5a61', 'XDG_MENU_PREFIX': 'gnome-', 'LC_ADDRESS': 'es_BO.UTF-8', 'XDG_RUNTIME_DIR': '/run/user/1000', 'GDK_BACKEND': 'x11', 'DISPLAY': ':1', 'LANG': 'en_US.UTF-8', 'XDG_CURRENT_DESKTOP': 'ubuntu:GNOME', 'LC_TELEPHONE': 'es_BO.UTF-8', 'XMODIFIERS': '@im=ibus', 'XDG_SESSION_DESKTOP': 'ubuntu', 'XAUTHORITY': '/run/user/1000/gdm/Xauthority', 'LS_COLORS': '', 'SBX_CHROME_API_RQ': '1', 'SSH_AUTH_SOCK': '/run/user/1000/keyring/ssh', 'AMENT_PREFIX_PATH': '/opt/ros/jazzy', 'SHELL': '/bin/bash', 'LC_NAME': 'es_BO.UTF-8', 'QT_ACCESSIBILITY': '1', 'GDMSESSION': 'ubuntu', 'LESSCLOSE': '/usr/bin/lesspipe %s %s', 'LC_MEASUREMENT': 'es_BO.UTF-8', 'GPG_AGENT_INFO': '/run/user/1000/gnupg/S.gpg-agent:0:1', 'GJS_DEBUG_OUTPUT': 'stderr', 'LC_IDENTIFICATION': 'es_BO.UTF-8', 'ROS_AUTOMATIC_DISCOVERY_RANGE': 'SUBNET', 'QT_IM_MODULE': 'ibus', 'ANTIGRAVITY_TRAJECTORY_ID': '40176b4f-d501-4b5e-a0eb-f342ca59b147', 'PWD': '/home/samuel/Roboticaclase/RvizRobot/build/my_robot_viz', 'TURTLEBOT3_MODEL': 'burger', 'LC_ALL': 'en_US.UTF-8', 'XDG_CONFIG_DIRS': '/etc/xdg/xdg-ubuntu:/etc/xdg', 'VSCODE_CODE_CACHE_PATH': '/home/samuel/.config/Antigravity/CachedData/15487b3041e65228cae24980a3f796c905ef582c', 'NVM_CD_FLAGS': '', 'XDG_DATA_DIRS': '/usr/share/ubuntu:/usr/share/gnome:/home/samuel/.local/share/flatpak/exports/share:/var/lib/flatpak/exports/share:/usr/local/share/:/usr/share/:/var/lib/snapd/desktop', 'PYTHONPATH': '/home/samuel/Roboticaclase/RvizRobot/build/my_robot_viz/prefix_override:/usr/lib/python3/dist-packages/colcon_core/task/python/colcon_distutils_commands:/home/samuel/Roboticaclase/RvizRobot/install/my_robot_viz/lib/python3.12/site-packages:/opt/ros/jazzy/lib/python3.12/site-packages', 'LC_NUMERIC': 'es_BO.UTF-8', 'LC_PAPER': 'es_BO.UTF-8', 'COLCON': '1', 'MEMORY_PRESSURE_WRITE': 'c29tZSAyMDAwMDAgMjAwMDAwMAA=', 'CMAKE_PREFIX_PATH': '/opt/ros/jazzy/opt/gz_sim_vendor:/opt/ros/jazzy/opt/gz_sensors_vendor:/opt/ros/jazzy/opt/gz_physics_vendor:/opt/ros/jazzy/opt/sdformat_vendor:/opt/ros/jazzy/opt/gz_gui_vendor:/opt/ros/jazzy/opt/gz_transport_vendor:/opt/ros/jazzy/opt/gz_rendering_vendor:/opt/ros/jazzy/opt/gz_plugin_vendor:/opt/ros/jazzy/opt/gz_fuel_tools_vendor:/opt/ros/jazzy/opt/gz_msgs_vendor:/opt/ros/jazzy/opt/gz_common_vendor:/opt/ros/jazzy/opt/gz_math_vendor:/opt/ros/jazzy/opt/gz_utils_vendor:/opt/ros/jazzy/opt/gz_tools_vendor:/opt/ros/jazzy/opt/gz_ogre_next_vendor:/opt/ros/jazzy/opt/gz_dartsim_vendor:/opt/ros/jazzy/opt/gz_cmake_vendor', 'VSCODE_PID': '7667'}, 'shell': False}
[2.028170] (-) TimerEvent: {}
[2.128491] (-) TimerEvent: {}
[2.228850] (-) TimerEvent: {}
[2.329151] (-) TimerEvent: {}
[2.429462] (-) TimerEvent: {}
[2.529809] (-) TimerEvent: {}
[2.630109] (-) TimerEvent: {}
[2.661283] (my_robot_viz) StdoutLine: {'line': b'running develop\n'}
[2.730244] (-) TimerEvent: {}
[2.830480] (-) TimerEvent: {}
[2.930817] (-) TimerEvent: {}
[3.031147] (-) TimerEvent: {}
[3.131406] (-) TimerEvent: {}
[3.147995] (my_robot_viz) StdoutLine: {'line': b'running egg_info\n'}
[3.196070] (my_robot_viz) StdoutLine: {'line': b'writing my_robot_viz.egg-info/PKG-INFO\n'}
[3.196752] (my_robot_viz) StdoutLine: {'line': b'writing dependency_links to my_robot_viz.egg-info/dependency_links.txt\n'}
[3.197188] (my_robot_viz) StdoutLine: {'line': b'writing entry points to my_robot_viz.egg-info/entry_points.txt\n'}
[3.197327] (my_robot_viz) StdoutLine: {'line': b'writing requirements to my_robot_viz.egg-info/requires.txt\n'}
[3.197488] (my_robot_viz) StdoutLine: {'line': b'writing top-level names to my_robot_viz.egg-info/top_level.txt\n'}
[3.231582] (-) TimerEvent: {}
[3.293100] (my_robot_viz) StdoutLine: {'line': b"reading manifest file 'my_robot_viz.egg-info/SOURCES.txt'\n"}
[3.294494] (my_robot_viz) StdoutLine: {'line': b"writing manifest file 'my_robot_viz.egg-info/SOURCES.txt'\n"}
[3.331769] (-) TimerEvent: {}
[3.343860] (my_robot_viz) StdoutLine: {'line': b'running build_ext\n'}
[3.344285] (my_robot_viz) StdoutLine: {'line': b'Creating /home/samuel/Roboticaclase/RvizRobot/install/my_robot_viz/lib/python3.12/site-packages/my-robot-viz.egg-link (link to .)\n'}
[3.345184] (my_robot_viz) StdoutLine: {'line': b'Installing imu_bridge_node script to /home/samuel/Roboticaclase/RvizRobot/install/my_robot_viz/lib/my_robot_viz\n'}
[3.345683] (my_robot_viz) StdoutLine: {'line': b'Installing odom_node script to /home/samuel/Roboticaclase/RvizRobot/install/my_robot_viz/lib/my_robot_viz\n'}
[3.345982] (my_robot_viz) StdoutLine: {'line': b'\n'}
[3.346217] (my_robot_viz) StdoutLine: {'line': b'Installed /home/samuel/Roboticaclase/RvizRobot/build/my_robot_viz\n'}
[3.346381] (my_robot_viz) StdoutLine: {'line': b'running symlink_data\n'}
[3.431905] (-) TimerEvent: {}
[3.452222] (my_robot_viz) CommandEnded: {'returncode': 0}
[3.485887] (my_robot_viz) JobEnded: {'identifier': 'my_robot_viz', 'rc': 0}
[3.486707] (-) EventReactorShutdown: {}
