[0.689s] Invoking command in '/home/franco/Desktop/Robotica/2dopar/RvizRobot/my_robot_viz': DEBUGINFOD_URLS=https://debuginfod.ubuntu.com PYTHONPATH=/home/franco/Desktop/Robotica/2dopar/RvizRobot/build/my_robot_viz/prefix_override:/usr/lib/python3/dist-packages/colcon_core/task/python/colcon_distutils_commands:/home/franco/Desktop/Robotica/2dopar/RvizRobot/install/my_robot_viz/lib/python3.12/site-packages:${PYTHONPATH} /usr/bin/python3 -W ignore:setup.py install is deprecated -W ignore:easy_install command is deprecated setup.py egg_info --egg-base ../build/my_robot_viz build --build-base /home/franco/Desktop/Robotica/2dopar/RvizRobot/build/my_robot_viz/build install --record /home/franco/Desktop/Robotica/2dopar/RvizRobot/build/my_robot_viz/install.log --single-version-externally-managed install_data
[0.917s] running egg_info
[0.936s] writing ../build/my_robot_viz/my_robot_viz.egg-info/PKG-INFO
[0.936s] writing dependency_links to ../build/my_robot_viz/my_robot_viz.egg-info/dependency_links.txt
[0.936s] writing entry points to ../build/my_robot_viz/my_robot_viz.egg-info/entry_points.txt
[0.936s] writing requirements to ../build/my_robot_viz/my_robot_viz.egg-info/requires.txt
[0.936s] writing top-level names to ../build/my_robot_viz/my_robot_viz.egg-info/top_level.txt
[0.974s] reading manifest file '../build/my_robot_viz/my_robot_viz.egg-info/SOURCES.txt'
[0.974s] writing manifest file '../build/my_robot_viz/my_robot_viz.egg-info/SOURCES.txt'
[0.974s] running build
[0.974s] running build_py
[0.975s] copying my_robot_viz/odom_node.py -> /home/franco/Desktop/Robotica/2dopar/RvizRobot/build/my_robot_viz/build/lib/my_robot_viz
[0.975s] copying my_robot_viz/imu_bridge_node.py -> /home/franco/Desktop/Robotica/2dopar/RvizRobot/build/my_robot_viz/build/lib/my_robot_viz
[0.975s] running install
[0.980s] running install_lib
[0.999s] copying /home/franco/Desktop/Robotica/2dopar/RvizRobot/build/my_robot_viz/build/lib/my_robot_viz/odom_node.py -> /home/franco/Desktop/Robotica/2dopar/RvizRobot/install/my_robot_viz/lib/python3.12/site-packages/my_robot_viz
[0.999s] copying /home/franco/Desktop/Robotica/2dopar/RvizRobot/build/my_robot_viz/build/lib/my_robot_viz/imu_bridge_node.py -> /home/franco/Desktop/Robotica/2dopar/RvizRobot/install/my_robot_viz/lib/python3.12/site-packages/my_robot_viz
[0.999s] byte-compiling /home/franco/Desktop/Robotica/2dopar/RvizRobot/install/my_robot_viz/lib/python3.12/site-packages/my_robot_viz/odom_node.py to odom_node.cpython-312.pyc
[0.999s] byte-compiling /home/franco/Desktop/Robotica/2dopar/RvizRobot/install/my_robot_viz/lib/python3.12/site-packages/my_robot_viz/imu_bridge_node.py to imu_bridge_node.cpython-312.pyc
[1.000s] running install_data
[1.000s] copying launch/visualize.launch.py -> /home/franco/Desktop/Robotica/2dopar/RvizRobot/install/my_robot_viz/share/my_robot_viz/launch
[1.000s] copying urdf/autitorobotica.urdf -> /home/franco/Desktop/Robotica/2dopar/RvizRobot/install/my_robot_viz/share/my_robot_viz/urdf
[1.000s] copying urdf/robot.urdf.xml -> /home/franco/Desktop/Robotica/2dopar/RvizRobot/install/my_robot_viz/share/my_robot_viz/urdf
[1.000s] creating /home/franco/Desktop/Robotica/2dopar/RvizRobot/install/my_robot_viz/share/my_robot_viz/meshes
[1.000s] copying meshes/base_link.STL -> /home/franco/Desktop/Robotica/2dopar/RvizRobot/install/my_robot_viz/share/my_robot_viz/meshes
[1.002s] copying meshes/A.STL -> /home/franco/Desktop/Robotica/2dopar/RvizRobot/install/my_robot_viz/share/my_robot_viz/meshes
[1.002s] copying meshes/B.STL -> /home/franco/Desktop/Robotica/2dopar/RvizRobot/install/my_robot_viz/share/my_robot_viz/meshes
[1.002s] creating /home/franco/Desktop/Robotica/2dopar/RvizRobot/install/my_robot_viz/share/my_robot_viz/config
[1.002s] copying config/joint_names_autitorobotica.yaml -> /home/franco/Desktop/Robotica/2dopar/RvizRobot/install/my_robot_viz/share/my_robot_viz/config
[1.002s] running install_egg_info
[1.022s] removing '/home/franco/Desktop/Robotica/2dopar/RvizRobot/install/my_robot_viz/lib/python3.12/site-packages/my_robot_viz-0.0.0-py3.12.egg-info' (and everything under it)
[1.022s] Copying ../build/my_robot_viz/my_robot_viz.egg-info to /home/franco/Desktop/Robotica/2dopar/RvizRobot/install/my_robot_viz/lib/python3.12/site-packages/my_robot_viz-0.0.0-py3.12.egg-info
[1.023s] running install_scripts
[1.143s] Installing imu_bridge_node script to /home/franco/Desktop/Robotica/2dopar/RvizRobot/install/my_robot_viz/lib/my_robot_viz
[1.143s] Installing odom_node script to /home/franco/Desktop/Robotica/2dopar/RvizRobot/install/my_robot_viz/lib/my_robot_viz
[1.143s] writing list of installed files to '/home/franco/Desktop/Robotica/2dopar/RvizRobot/build/my_robot_viz/install.log'
[1.161s] Invoked command in '/home/franco/Desktop/Robotica/2dopar/RvizRobot/my_robot_viz' returned '0': DEBUGINFOD_URLS=https://debuginfod.ubuntu.com PYTHONPATH=/home/franco/Desktop/Robotica/2dopar/RvizRobot/build/my_robot_viz/prefix_override:/usr/lib/python3/dist-packages/colcon_core/task/python/colcon_distutils_commands:/home/franco/Desktop/Robotica/2dopar/RvizRobot/install/my_robot_viz/lib/python3.12/site-packages:${PYTHONPATH} /usr/bin/python3 -W ignore:setup.py install is deprecated -W ignore:easy_install command is deprecated setup.py egg_info --egg-base ../build/my_robot_viz build --build-base /home/franco/Desktop/Robotica/2dopar/RvizRobot/build/my_robot_viz/build install --record /home/franco/Desktop/Robotica/2dopar/RvizRobot/build/my_robot_viz/install.log --single-version-externally-managed install_data
