[0.071s] DEBUG:colcon:Command line arguments: ['/usr/bin/colcon', 'build', '--symlink-install', '--packages-select', 'ejercicio3_nav_agent']
[0.072s] DEBUG:colcon:Parsed command line arguments: Namespace(log_base=None, log_level=None, verb_name='build', build_base='build', install_base='install', merge_install=False, symlink_install=True, test_result_base=None, continue_on_error=False, executor='parallel', parallel_workers=16, event_handlers=None, ignore_user_meta=False, metas=['./colcon.meta'], base_paths=['.'], packages_ignore=None, packages_ignore_regex=None, paths=None, packages_up_to=None, packages_up_to_regex=None, packages_above=None, packages_above_and_dependencies=None, packages_above_depth=None, packages_select_by_dep=None, packages_skip_by_dep=None, packages_skip_up_to=None, packages_select_build_failed=False, packages_skip_build_finished=False, packages_select_test_failures=False, packages_skip_test_passed=False, packages_select=['ejercicio3_nav_agent'], packages_skip=None, packages_select_regex=None, packages_skip_regex=None, packages_start=None, packages_end=None, allow_overriding=[], cmake_args=None, cmake_target=None, cmake_target_skip_unavailable=False, cmake_clean_cache=False, cmake_clean_first=False, cmake_force_configure=False, ament_cmake_args=None, catkin_cmake_args=None, catkin_skip_building_tests=False, mixin_files=None, mixin=None, verb_parser=<colcon_mixin.mixin.mixin_argument.MixinArgumentDecorator object at 0x7e3edb37f6e0>, verb_extension=<colcon_core.verb.build.BuildVerb object at 0x7e3edb4dbd40>, main=<bound method BuildVerb.main of <colcon_core.verb.build.BuildVerb object at 0x7e3edb4dbd40>>, mixin_verb=('build',))
[0.095s] Level 1:colcon.colcon_core.package_discovery:discover_packages(colcon_meta) check parameters
[0.095s] Level 1:colcon.colcon_core.package_discovery:discover_packages(recursive) check parameters
[0.095s] Level 1:colcon.colcon_core.package_discovery:discover_packages(ignore) check parameters
[0.095s] Level 1:colcon.colcon_core.package_discovery:discover_packages(path) check parameters
[0.095s] Level 1:colcon.colcon_core.package_discovery:discover_packages(colcon_meta) discover
[0.095s] Level 1:colcon.colcon_core.package_discovery:discover_packages(recursive) discover
[0.095s] INFO:colcon.colcon_core.package_discovery:Crawling recursively for packages in '/home/franco/stage_ws'
[0.095s] Level 1:colcon.colcon_core.package_identification:_identify(.) by extensions ['ignore', 'ignore_ament_install']
[0.095s] Level 1:colcon.colcon_core.package_identification:_identify(.) by extension 'ignore'
[0.095s] Level 1:colcon.colcon_core.package_identification:_identify(.) by extension 'ignore_ament_install'
[0.095s] Level 1:colcon.colcon_core.package_identification:_identify(.) by extensions ['colcon_pkg']
[0.095s] Level 1:colcon.colcon_core.package_identification:_identify(.) by extension 'colcon_pkg'
[0.095s] Level 1:colcon.colcon_core.package_identification:_identify(.) by extensions ['colcon_meta']
[0.095s] Level 1:colcon.colcon_core.package_identification:_identify(.) by extension 'colcon_meta'
[0.095s] Level 1:colcon.colcon_core.package_identification:_identify(.) by extensions ['ros']
[0.095s] Level 1:colcon.colcon_core.package_identification:_identify(.) by extension 'ros'
[0.111s] Level 1:colcon.colcon_core.package_identification:_identify(.) by extensions ['cmake', 'python']
[0.111s] Level 1:colcon.colcon_core.package_identification:_identify(.) by extension 'cmake'
[0.111s] Level 1:colcon.colcon_core.package_identification:_identify(.) by extension 'python'
[0.111s] Level 1:colcon.colcon_core.package_identification:_identify(.) by extensions ['python_setup_py']
[0.111s] Level 1:colcon.colcon_core.package_identification:_identify(.) by extension 'python_setup_py'
[0.111s] Level 1:colcon.colcon_core.package_identification:_identify(build) by extensions ['ignore', 'ignore_ament_install']
[0.111s] Level 1:colcon.colcon_core.package_identification:_identify(build) by extension 'ignore'
[0.111s] Level 1:colcon.colcon_core.package_identification:_identify(build) ignored
[0.112s] Level 1:colcon.colcon_core.package_identification:_identify(install) by extensions ['ignore', 'ignore_ament_install']
[0.112s] Level 1:colcon.colcon_core.package_identification:_identify(install) by extension 'ignore'
[0.112s] Level 1:colcon.colcon_core.package_identification:_identify(install) ignored
[0.112s] Level 1:colcon.colcon_core.package_identification:_identify(log) by extensions ['ignore', 'ignore_ament_install']
[0.112s] Level 1:colcon.colcon_core.package_identification:_identify(log) by extension 'ignore'
[0.112s] Level 1:colcon.colcon_core.package_identification:_identify(log) ignored
[0.112s] Level 1:colcon.colcon_core.package_identification:_identify(results) by extensions ['ignore', 'ignore_ament_install']
[0.112s] Level 1:colcon.colcon_core.package_identification:_identify(results) by extension 'ignore'
[0.112s] Level 1:colcon.colcon_core.package_identification:_identify(results) by extension 'ignore_ament_install'
[0.112s] Level 1:colcon.colcon_core.package_identification:_identify(results) by extensions ['colcon_pkg']
[0.112s] Level 1:colcon.colcon_core.package_identification:_identify(results) by extension 'colcon_pkg'
[0.112s] Level 1:colcon.colcon_core.package_identification:_identify(results) by extensions ['colcon_meta']
[0.112s] Level 1:colcon.colcon_core.package_identification:_identify(results) by extension 'colcon_meta'
[0.112s] Level 1:colcon.colcon_core.package_identification:_identify(results) by extensions ['ros']
[0.112s] Level 1:colcon.colcon_core.package_identification:_identify(results) by extension 'ros'
[0.112s] Level 1:colcon.colcon_core.package_identification:_identify(results) by extensions ['cmake', 'python']
[0.112s] Level 1:colcon.colcon_core.package_identification:_identify(results) by extension 'cmake'
[0.112s] Level 1:colcon.colcon_core.package_identification:_identify(results) by extension 'python'
[0.112s] Level 1:colcon.colcon_core.package_identification:_identify(results) by extensions ['python_setup_py']
[0.112s] Level 1:colcon.colcon_core.package_identification:_identify(results) by extension 'python_setup_py'
[0.112s] Level 1:colcon.colcon_core.package_identification:_identify(src) by extensions ['ignore', 'ignore_ament_install']
[0.112s] Level 1:colcon.colcon_core.package_identification:_identify(src) by extension 'ignore'
[0.112s] Level 1:colcon.colcon_core.package_identification:_identify(src) by extension 'ignore_ament_install'
[0.112s] Level 1:colcon.colcon_core.package_identification:_identify(src) by extensions ['colcon_pkg']
[0.112s] Level 1:colcon.colcon_core.package_identification:_identify(src) by extension 'colcon_pkg'
[0.112s] Level 1:colcon.colcon_core.package_identification:_identify(src) by extensions ['colcon_meta']
[0.112s] Level 1:colcon.colcon_core.package_identification:_identify(src) by extension 'colcon_meta'
[0.112s] Level 1:colcon.colcon_core.package_identification:_identify(src) by extensions ['ros']
[0.112s] Level 1:colcon.colcon_core.package_identification:_identify(src) by extension 'ros'
[0.112s] Level 1:colcon.colcon_core.package_identification:_identify(src) by extensions ['cmake', 'python']
[0.112s] Level 1:colcon.colcon_core.package_identification:_identify(src) by extension 'cmake'
[0.112s] Level 1:colcon.colcon_core.package_identification:_identify(src) by extension 'python'
[0.112s] Level 1:colcon.colcon_core.package_identification:_identify(src) by extensions ['python_setup_py']
[0.112s] Level 1:colcon.colcon_core.package_identification:_identify(src) by extension 'python_setup_py'
[0.113s] Level 1:colcon.colcon_core.package_identification:_identify(src/Stage) by extensions ['ignore', 'ignore_ament_install']
[0.113s] Level 1:colcon.colcon_core.package_identification:_identify(src/Stage) by extension 'ignore'
[0.113s] Level 1:colcon.colcon_core.package_identification:_identify(src/Stage) by extension 'ignore_ament_install'
[0.113s] Level 1:colcon.colcon_core.package_identification:_identify(src/Stage) by extensions ['colcon_pkg']
[0.113s] Level 1:colcon.colcon_core.package_identification:_identify(src/Stage) by extension 'colcon_pkg'
[0.113s] Level 1:colcon.colcon_core.package_identification:_identify(src/Stage) by extensions ['colcon_meta']
[0.113s] Level 1:colcon.colcon_core.package_identification:_identify(src/Stage) by extension 'colcon_meta'
[0.113s] Level 1:colcon.colcon_core.package_identification:_identify(src/Stage) by extensions ['ros']
[0.113s] Level 1:colcon.colcon_core.package_identification:_identify(src/Stage) by extension 'ros'
[0.114s] DEBUG:colcon.colcon_core.package_identification:Package 'src/Stage' with type 'ros.catkin' and name 'stage'
[0.114s] Level 1:colcon.colcon_core.package_identification:_identify(src/ejercicio3_nav_agent) by extensions ['ignore', 'ignore_ament_install']
[0.114s] Level 1:colcon.colcon_core.package_identification:_identify(src/ejercicio3_nav_agent) by extension 'ignore'
[0.114s] Level 1:colcon.colcon_core.package_identification:_identify(src/ejercicio3_nav_agent) by extension 'ignore_ament_install'
[0.114s] Level 1:colcon.colcon_core.package_identification:_identify(src/ejercicio3_nav_agent) by extensions ['colcon_pkg']
[0.114s] Level 1:colcon.colcon_core.package_identification:_identify(src/ejercicio3_nav_agent) by extension 'colcon_pkg'
[0.114s] Level 1:colcon.colcon_core.package_identification:_identify(src/ejercicio3_nav_agent) by extensions ['colcon_meta']
[0.114s] Level 1:colcon.colcon_core.package_identification:_identify(src/ejercicio3_nav_agent) by extension 'colcon_meta'
[0.115s] Level 1:colcon.colcon_core.package_identification:_identify(src/ejercicio3_nav_agent) by extensions ['ros']
[0.115s] Level 1:colcon.colcon_core.package_identification:_identify(src/ejercicio3_nav_agent) by extension 'ros'
[0.115s] DEBUG:colcon.colcon_core.package_identification:Package 'src/ejercicio3_nav_agent' with type 'ros.ament_python' and name 'ejercicio3_nav_agent'
[0.115s] Level 1:colcon.colcon_core.package_identification:_identify(src/stage_ros2) by extensions ['ignore', 'ignore_ament_install']
[0.115s] Level 1:colcon.colcon_core.package_identification:_identify(src/stage_ros2) by extension 'ignore'
[0.115s] Level 1:colcon.colcon_core.package_identification:_identify(src/stage_ros2) by extension 'ignore_ament_install'
[0.115s] Level 1:colcon.colcon_core.package_identification:_identify(src/stage_ros2) by extensions ['colcon_pkg']
[0.115s] Level 1:colcon.colcon_core.package_identification:_identify(src/stage_ros2) by extension 'colcon_pkg'
[0.115s] Level 1:colcon.colcon_core.package_identification:_identify(src/stage_ros2) by extensions ['colcon_meta']
[0.115s] Level 1:colcon.colcon_core.package_identification:_identify(src/stage_ros2) by extension 'colcon_meta'
[0.115s] Level 1:colcon.colcon_core.package_identification:_identify(src/stage_ros2) by extensions ['ros']
[0.115s] Level 1:colcon.colcon_core.package_identification:_identify(src/stage_ros2) by extension 'ros'
[0.116s] DEBUG:colcon.colcon_core.package_identification:Package 'src/stage_ros2' with type 'ros.ament_cmake' and name 'stage_ros2'
[0.116s] Level 1:colcon.colcon_core.package_discovery:discover_packages(recursive) using defaults
[0.116s] Level 1:colcon.colcon_core.package_discovery:discover_packages(ignore) discover
[0.116s] Level 1:colcon.colcon_core.package_discovery:discover_packages(ignore) using defaults
[0.116s] Level 1:colcon.colcon_core.package_discovery:discover_packages(path) discover
[0.116s] Level 1:colcon.colcon_core.package_discovery:discover_packages(path) using defaults
[0.128s] INFO:colcon.colcon_core.package_selection:Skipping not selected package 'stage' in 'src/Stage'
[0.128s] INFO:colcon.colcon_core.package_selection:Skipping not selected package 'stage_ros2' in 'src/stage_ros2'
[0.128s] Level 1:colcon.colcon_core.package_discovery:discover_packages(prefix_path) check parameters
[0.128s] Level 1:colcon.colcon_core.package_discovery:discover_packages(prefix_path) discover
[0.129s] DEBUG:colcon.colcon_installed_package_information.package_discovery:Found 3 installed packages in /home/franco/stage_ws/install
[0.130s] DEBUG:colcon.colcon_installed_package_information.package_discovery:Found 541 installed packages in /opt/ros/jazzy
[0.131s] Level 1:colcon.colcon_core.package_discovery:discover_packages(prefix_path) using defaults
[0.179s] Level 5:colcon.colcon_core.verb:set package 'ejercicio3_nav_agent' build argument 'cmake_args' from command line to 'None'
[0.179s] Level 5:colcon.colcon_core.verb:set package 'ejercicio3_nav_agent' build argument 'cmake_target' from command line to 'None'
[0.179s] Level 5:colcon.colcon_core.verb:set package 'ejercicio3_nav_agent' build argument 'cmake_target_skip_unavailable' from command line to 'False'
[0.179s] Level 5:colcon.colcon_core.verb:set package 'ejercicio3_nav_agent' build argument 'cmake_clean_cache' from command line to 'False'
[0.179s] Level 5:colcon.colcon_core.verb:set package 'ejercicio3_nav_agent' build argument 'cmake_clean_first' from command line to 'False'
[0.179s] Level 5:colcon.colcon_core.verb:set package 'ejercicio3_nav_agent' build argument 'cmake_force_configure' from command line to 'False'
[0.179s] Level 5:colcon.colcon_core.verb:set package 'ejercicio3_nav_agent' build argument 'ament_cmake_args' from command line to 'None'
[0.179s] Level 5:colcon.colcon_core.verb:set package 'ejercicio3_nav_agent' build argument 'catkin_cmake_args' from command line to 'None'
[0.179s] Level 5:colcon.colcon_core.verb:set package 'ejercicio3_nav_agent' build argument 'catkin_skip_building_tests' from command line to 'False'
[0.179s] DEBUG:colcon.colcon_core.verb:Building package 'ejercicio3_nav_agent' with the following arguments: {'ament_cmake_args': None, 'build_base': '/home/franco/stage_ws/build/ejercicio3_nav_agent', 'catkin_cmake_args': None, 'catkin_skip_building_tests': False, 'cmake_args': None, 'cmake_clean_cache': False, 'cmake_clean_first': False, 'cmake_force_configure': False, 'cmake_target': None, 'cmake_target_skip_unavailable': False, 'install_base': '/home/franco/stage_ws/install/ejercicio3_nav_agent', 'merge_install': False, 'path': '/home/franco/stage_ws/src/ejercicio3_nav_agent', 'symlink_install': True, 'test_result_base': None}
[0.179s] INFO:colcon.colcon_core.executor:Executing jobs using 'parallel' executor
[0.180s] DEBUG:colcon.colcon_parallel_executor.executor.parallel:run_until_complete
[0.180s] INFO:colcon.colcon_ros.task.ament_python.build:Building ROS package in '/home/franco/stage_ws/src/ejercicio3_nav_agent' with build type 'ament_python'
[0.180s] Level 1:colcon.colcon_core.shell:create_environment_hook('ejercicio3_nav_agent', 'ament_prefix_path')
[0.181s] INFO:colcon.colcon_core.plugin_system:Skipping extension 'colcon_core.shell.bat': Not used on non-Windows systems
[0.181s] INFO:colcon.colcon_core.shell:Creating environment hook '/home/franco/stage_ws/install/ejercicio3_nav_agent/share/ejercicio3_nav_agent/hook/ament_prefix_path.ps1'
[0.182s] INFO:colcon.colcon_core.shell:Creating environment descriptor '/home/franco/stage_ws/install/ejercicio3_nav_agent/share/ejercicio3_nav_agent/hook/ament_prefix_path.dsv'
[0.182s] INFO:colcon.colcon_core.shell:Creating environment hook '/home/franco/stage_ws/install/ejercicio3_nav_agent/share/ejercicio3_nav_agent/hook/ament_prefix_path.sh'
[0.183s] INFO:colcon.colcon_core.shell:Skip shell extension 'powershell' for command environment: Not usable outside of PowerShell
[0.183s] DEBUG:colcon.colcon_core.shell:Skip shell extension 'dsv' for command environment
[0.345s] INFO:colcon.colcon_core.task.python.build:Building Python package in '/home/franco/stage_ws/src/ejercicio3_nav_agent'
[0.345s] INFO:colcon.colcon_core.shell:Skip shell extension 'powershell' for command environment: Not usable outside of PowerShell
[0.345s] DEBUG:colcon.colcon_core.shell:Skip shell extension 'dsv' for command environment
[0.857s] DEBUG:colcon.colcon_core.event_handler.log_command:Invoking command in '/home/franco/stage_ws/build/ejercicio3_nav_agent': DEBUGINFOD_URLS=https://debuginfod.ubuntu.com PYTHONPATH=/home/franco/stage_ws/build/ejercicio3_nav_agent/prefix_override:/usr/lib/python3/dist-packages/colcon_core/task/python/colcon_distutils_commands:/home/franco/stage_ws/install/ejercicio3_nav_agent/lib/python3.12/site-packages:${PYTHONPATH} /usr/bin/python3 -W ignore:setup.py install is deprecated -W ignore:easy_install command is deprecated setup.py develop --editable --build-directory /home/franco/stage_ws/build/ejercicio3_nav_agent/build --no-deps symlink_data
[1.384s] Level 1:colcon.colcon_core.shell:create_environment_hook('ejercicio3_nav_agent', 'pythonpath_develop')
[1.385s] INFO:colcon.colcon_core.shell:Creating environment hook '/home/franco/stage_ws/build/ejercicio3_nav_agent/share/ejercicio3_nav_agent/hook/pythonpath_develop.ps1'
[1.385s] DEBUG:colcon.colcon_core.event_handler.log_command:Invoked command in '/home/franco/stage_ws/build/ejercicio3_nav_agent' returned '0': DEBUGINFOD_URLS=https://debuginfod.ubuntu.com PYTHONPATH=/home/franco/stage_ws/build/ejercicio3_nav_agent/prefix_override:/usr/lib/python3/dist-packages/colcon_core/task/python/colcon_distutils_commands:/home/franco/stage_ws/install/ejercicio3_nav_agent/lib/python3.12/site-packages:${PYTHONPATH} /usr/bin/python3 -W ignore:setup.py install is deprecated -W ignore:easy_install command is deprecated setup.py develop --editable --build-directory /home/franco/stage_ws/build/ejercicio3_nav_agent/build --no-deps symlink_data
[1.386s] INFO:colcon.colcon_core.shell:Creating environment descriptor '/home/franco/stage_ws/build/ejercicio3_nav_agent/share/ejercicio3_nav_agent/hook/pythonpath_develop.dsv'
[1.386s] INFO:colcon.colcon_core.shell:Creating environment hook '/home/franco/stage_ws/build/ejercicio3_nav_agent/share/ejercicio3_nav_agent/hook/pythonpath_develop.sh'
[1.387s] Level 1:colcon.colcon_core.environment:checking '/home/franco/stage_ws/install/ejercicio3_nav_agent' for CMake module files
[1.388s] Level 1:colcon.colcon_core.environment:checking '/home/franco/stage_ws/install/ejercicio3_nav_agent' for CMake config files
[1.388s] Level 1:colcon.colcon_core.environment:checking '/home/franco/stage_ws/install/ejercicio3_nav_agent/lib'
[1.388s] Level 1:colcon.colcon_core.environment:checking '/home/franco/stage_ws/install/ejercicio3_nav_agent/bin'
[1.388s] Level 1:colcon.colcon_core.environment:checking '/home/franco/stage_ws/install/ejercicio3_nav_agent/lib/pkgconfig/ejercicio3_nav_agent.pc'
[1.388s] Level 1:colcon.colcon_core.environment:checking '/home/franco/stage_ws/install/ejercicio3_nav_agent/lib/python3.12/site-packages'
[1.388s] Level 1:colcon.colcon_core.shell:create_environment_hook('ejercicio3_nav_agent', 'pythonpath')
[1.389s] INFO:colcon.colcon_core.shell:Creating environment hook '/home/franco/stage_ws/install/ejercicio3_nav_agent/share/ejercicio3_nav_agent/hook/pythonpath.ps1'
[1.389s] INFO:colcon.colcon_core.shell:Creating environment descriptor '/home/franco/stage_ws/install/ejercicio3_nav_agent/share/ejercicio3_nav_agent/hook/pythonpath.dsv'
[1.389s] INFO:colcon.colcon_core.shell:Creating environment hook '/home/franco/stage_ws/install/ejercicio3_nav_agent/share/ejercicio3_nav_agent/hook/pythonpath.sh'
[1.390s] Level 1:colcon.colcon_core.environment:checking '/home/franco/stage_ws/install/ejercicio3_nav_agent/bin'
[1.390s] Level 1:colcon.colcon_core.environment:create_environment_scripts_only(ejercicio3_nav_agent)
[1.390s] INFO:colcon.colcon_core.shell:Creating package script '/home/franco/stage_ws/install/ejercicio3_nav_agent/share/ejercicio3_nav_agent/package.ps1'
[1.390s] INFO:colcon.colcon_core.shell:Creating package descriptor '/home/franco/stage_ws/install/ejercicio3_nav_agent/share/ejercicio3_nav_agent/package.dsv'
[1.391s] INFO:colcon.colcon_core.shell:Creating package script '/home/franco/stage_ws/install/ejercicio3_nav_agent/share/ejercicio3_nav_agent/package.sh'
[1.391s] INFO:colcon.colcon_core.shell:Creating package script '/home/franco/stage_ws/install/ejercicio3_nav_agent/share/ejercicio3_nav_agent/package.bash'
[1.392s] INFO:colcon.colcon_core.shell:Creating package script '/home/franco/stage_ws/install/ejercicio3_nav_agent/share/ejercicio3_nav_agent/package.zsh'
[1.392s] Level 1:colcon.colcon_core.environment:create_file_with_runtime_dependencies(/home/franco/stage_ws/install/ejercicio3_nav_agent/share/colcon-core/packages/ejercicio3_nav_agent)
[1.392s] DEBUG:colcon.colcon_parallel_executor.executor.parallel:closing loop
[1.392s] DEBUG:colcon.colcon_parallel_executor.executor.parallel:loop closed
[1.392s] DEBUG:colcon.colcon_parallel_executor.executor.parallel:run_until_complete finished with '0'
[1.393s] DEBUG:colcon.colcon_core.event_reactor:joining thread
[1.396s] INFO:colcon.colcon_core.plugin_system:Skipping extension 'colcon_notification.desktop_notification.terminal_notifier': Not used on non-Darwin systems
[1.396s] INFO:colcon.colcon_core.plugin_system:Skipping extension 'colcon_notification.desktop_notification.win32': Not used on non-Windows systems
[1.396s] INFO:colcon.colcon_notification.desktop_notification:Sending desktop notification using 'notify2'
[1.404s] DEBUG:colcon.colcon_core.event_reactor:joined thread
[1.404s] INFO:colcon.colcon_core.shell:Creating prefix script '/home/franco/stage_ws/install/local_setup.ps1'
[1.405s] INFO:colcon.colcon_core.shell:Creating prefix util module '/home/franco/stage_ws/install/_local_setup_util_ps1.py'
[1.406s] INFO:colcon.colcon_core.shell:Creating prefix chain script '/home/franco/stage_ws/install/setup.ps1'
[1.406s] INFO:colcon.colcon_core.shell:Creating prefix script '/home/franco/stage_ws/install/local_setup.sh'
[1.407s] INFO:colcon.colcon_core.shell:Creating prefix util module '/home/franco/stage_ws/install/_local_setup_util_sh.py'
[1.407s] INFO:colcon.colcon_core.shell:Creating prefix chain script '/home/franco/stage_ws/install/setup.sh'
[1.408s] INFO:colcon.colcon_core.shell:Creating prefix script '/home/franco/stage_ws/install/local_setup.bash'
[1.408s] INFO:colcon.colcon_core.shell:Creating prefix chain script '/home/franco/stage_ws/install/setup.bash'
[1.409s] INFO:colcon.colcon_core.shell:Creating prefix script '/home/franco/stage_ws/install/local_setup.zsh'
[1.409s] INFO:colcon.colcon_core.shell:Creating prefix chain script '/home/franco/stage_ws/install/setup.zsh'
