[1.380s] Invoking command in '/home/samuel/Roboticaclase/RvizRobot/my_robot_viz': DEBUGINFOD_URLS=https://debuginfod.ubuntu.com PYTHONPATH=/home/samuel/Roboticaclase/RvizRobot/build/my_robot_viz/prefix_override:/usr/lib/python3/dist-packages/colcon_core/task/python/colcon_distutils_commands:/home/samuel/Roboticaclase/RvizRobot/install/my_robot_viz/lib/python3.12/site-packages:${PYTHONPATH} /usr/bin/python3 -W ignore:setup.py install is deprecated -W ignore:easy_install command is deprecated setup.py egg_info --egg-base ../build/my_robot_viz build --build-base /home/samuel/Roboticaclase/RvizRobot/build/my_robot_viz/build install --record /home/samuel/Roboticaclase/RvizRobot/build/my_robot_viz/install.log --single-version-externally-managed install_data
[1.829s] running egg_info
[1.868s] writing ../build/my_robot_viz/my_robot_viz.egg-info/PKG-INFO
[1.869s] writing dependency_links to ../build/my_robot_viz/my_robot_viz.egg-info/dependency_links.txt
[1.869s] writing entry points to ../build/my_robot_viz/my_robot_viz.egg-info/entry_points.txt
[1.869s] writing requirements to ../build/my_robot_viz/my_robot_viz.egg-info/requires.txt
[1.869s] writing top-level names to ../build/my_robot_viz/my_robot_viz.egg-info/top_level.txt
[1.943s] reading manifest file '../build/my_robot_viz/my_robot_viz.egg-info/SOURCES.txt'
[1.944s] writing manifest file '../build/my_robot_viz/my_robot_viz.egg-info/SOURCES.txt'
[1.944s] running build
[1.944s] running build_py
[1.944s] copying my_robot_viz/odom_node.py -> /home/samuel/Roboticaclase/RvizRobot/build/my_robot_viz/build/lib/my_robot_viz
[1.945s] running install
[1.954s] running install_lib
[1.993s] copying /home/samuel/Roboticaclase/RvizRobot/build/my_robot_viz/build/lib/my_robot_viz/odom_node.py -> /home/samuel/Roboticaclase/RvizRobot/install/my_robot_viz/lib/python3.12/site-packages/my_robot_viz
[1.993s] byte-compiling /home/samuel/Roboticaclase/RvizRobot/install/my_robot_viz/lib/python3.12/site-packages/my_robot_viz/odom_node.py to odom_node.cpython-312.pyc
[1.996s] running install_data
[1.996s] copying rviz/robot.rviz -> /home/samuel/Roboticaclase/RvizRobot/install/my_robot_viz/share/my_robot_viz/rviz
[1.996s] running install_egg_info
[2.036s] removing '/home/samuel/Roboticaclase/RvizRobot/install/my_robot_viz/lib/python3.12/site-packages/my_robot_viz-0.0.0-py3.12.egg-info' (and everything under it)
[2.036s] Copying ../build/my_robot_viz/my_robot_viz.egg-info to /home/samuel/Roboticaclase/RvizRobot/install/my_robot_viz/lib/python3.12/site-packages/my_robot_viz-0.0.0-py3.12.egg-info
[2.036s] running install_scripts
[2.275s] Installing imu_bridge_node script to /home/samuel/Roboticaclase/RvizRobot/install/my_robot_viz/lib/my_robot_viz
[2.276s] Installing odom_node script to /home/samuel/Roboticaclase/RvizRobot/install/my_robot_viz/lib/my_robot_viz
[2.276s] writing list of installed files to '/home/samuel/Roboticaclase/RvizRobot/build/my_robot_viz/install.log'
[2.322s] Invoked command in '/home/samuel/Roboticaclase/RvizRobot/my_robot_viz' returned '0': DEBUGINFOD_URLS=https://debuginfod.ubuntu.com PYTHONPATH=/home/samuel/Roboticaclase/RvizRobot/build/my_robot_viz/prefix_override:/usr/lib/python3/dist-packages/colcon_core/task/python/colcon_distutils_commands:/home/samuel/Roboticaclase/RvizRobot/install/my_robot_viz/lib/python3.12/site-packages:${PYTHONPATH} /usr/bin/python3 -W ignore:setup.py install is deprecated -W ignore:easy_install command is deprecated setup.py egg_info --egg-base ../build/my_robot_viz build --build-base /home/samuel/Roboticaclase/RvizRobot/build/my_robot_viz/build install --record /home/samuel/Roboticaclase/RvizRobot/build/my_robot_viz/install.log --single-version-externally-managed install_data
