[0.010s] Invoking command in '/home/franco/Desktop/Robotica/2dopar/RvizRobot/build/micro_ros_msgs': CMAKE_PREFIX_PATH=${CMAKE_PREFIX_PATH}:/home/franco/Desktop/Robotica/2dopar/RvizRobot/install/my_robot_viz:/opt/ros/jazzy DEBUGINFOD_URLS=https://debuginfod.ubuntu.com /usr/bin/cmake /home/franco/Desktop/Robotica/2dopar/RvizRobot/src/uros/micro_ros_msgs -DUAGENT_BUILD_EXECUTABLE=OFF -DUAGENT_P2P_PROFILE=OFF --no-warn-unused-cli -DCMAKE_INSTALL_PREFIX=/home/franco/Desktop/Robotica/2dopar/RvizRobot/install/micro_ros_msgs
[0.018s] Not searching for unused variables given on the command line.
[0.052s] -- The C compiler identification is GNU 13.3.0
[0.092s] -- The CXX compiler identification is GNU 13.3.0
[0.104s] -- Detecting C compiler ABI info
[0.174s] -- Detecting C compiler ABI info - done
[0.180s] -- Check for working C compiler: /usr/bin/cc - skipped
[0.180s] -- Detecting C compile features
[0.180s] -- Detecting C compile features - done
[0.187s] -- Detecting CXX compiler ABI info
[0.265s] -- Detecting CXX compiler ABI info - done
[0.272s] -- Check for working CXX compiler: /usr/bin/c++ - skipped
[0.272s] -- Detecting CXX compile features
[0.272s] -- Detecting CXX compile features - done
[0.276s] -- Found ament_cmake: 2.5.6 (/opt/ros/jazzy/share/ament_cmake/cmake)
[0.404s] -- Found Python3: /usr/bin/python3 (found version "3.12.3") found components: Interpreter 
[0.520s] -- Found rosidl_default_generators: 1.6.0 (/opt/ros/jazzy/share/rosidl_default_generators/cmake)
[0.532s] -- Using all available rosidl_typesupport_c: rosidl_typesupport_fastrtps_c;rosidl_typesupport_introspection_c
[0.603s] -- Using all available rosidl_typesupport_cpp: rosidl_typesupport_fastrtps_cpp;rosidl_typesupport_introspection_cpp
[0.672s] -- Found rosidl_adapter: 4.6.7 (/opt/ros/jazzy/share/rosidl_adapter/cmake)
[0.678s] -- Found ament_lint_auto: 0.17.5 (/opt/ros/jazzy/share/ament_lint_auto/cmake)
[1.189s] -- Found ament_cmake_ros: 0.12.0 (/opt/ros/jazzy/share/ament_cmake_ros/cmake)
[1.553s] -- Using all available rosidl_typesupport_c: rosidl_typesupport_fastrtps_c;rosidl_typesupport_introspection_c
[2.009s] -- Using all available rosidl_typesupport_cpp: rosidl_typesupport_fastrtps_cpp;rosidl_typesupport_introspection_cpp
[2.016s] -- Found python_cmake_module: 0.11.1 (/opt/ros/jazzy/share/python_cmake_module/cmake)
[2.129s] -- Found PythonExtra: /usr/bin/python3  
[2.544s] -- Found Python3: /usr/bin/python3 (found version "3.12.3") found components: Interpreter Development NumPy Development.Module Development.Embed 
[2.593s] -- Found Python3: /usr/bin/python3 (found version "3.12.3") found components: Interpreter 
[2.596s] -- Added test 'copyright' to check source files copyright and LICENSE
[2.604s] -- Added test 'lint_cmake' to check CMake code style
[2.609s] -- Added test 'xmllint' to check XML markup files
[2.617s] -- Configuring done (2.6s)
[2.649s] -- Generating done (0.0s)
[2.658s] -- Build files have been written to: /home/franco/Desktop/Robotica/2dopar/RvizRobot/build/micro_ros_msgs
[2.666s] Invoked command in '/home/franco/Desktop/Robotica/2dopar/RvizRobot/build/micro_ros_msgs' returned '0': CMAKE_PREFIX_PATH=${CMAKE_PREFIX_PATH}:/home/franco/Desktop/Robotica/2dopar/RvizRobot/install/my_robot_viz:/opt/ros/jazzy DEBUGINFOD_URLS=https://debuginfod.ubuntu.com /usr/bin/cmake /home/franco/Desktop/Robotica/2dopar/RvizRobot/src/uros/micro_ros_msgs -DUAGENT_BUILD_EXECUTABLE=OFF -DUAGENT_P2P_PROFILE=OFF --no-warn-unused-cli -DCMAKE_INSTALL_PREFIX=/home/franco/Desktop/Robotica/2dopar/RvizRobot/install/micro_ros_msgs
[2.667s] Invoking command in '/home/franco/Desktop/Robotica/2dopar/RvizRobot/build/micro_ros_msgs': CMAKE_PREFIX_PATH=${CMAKE_PREFIX_PATH}:/home/franco/Desktop/Robotica/2dopar/RvizRobot/install/my_robot_viz:/opt/ros/jazzy DEBUGINFOD_URLS=https://debuginfod.ubuntu.com /usr/bin/cmake --build /home/franco/Desktop/Robotica/2dopar/RvizRobot/build/micro_ros_msgs -- -j16 -l16
[2.707s] [  1%] [34m[1mGenerating type hashes for ROS interfaces[0m
[2.707s] [  3%] [34m[1mGenerating Rust code for ROS interfaces[0m
[2.714s] [  3%] Built target ament_cmake_python_copy_micro_ros_msgs
[2.975s] [  3%] Built target micro_ros_msgs__rosidl_generator_type_description
[2.988s] [  5%] [34m[1mGenerating C code for ROS interfaces[0m
[3.001s] [  5%] Built target micro_ros_msgs__rs
[3.002s] [  7%] [34m[1mGenerating C++ code for ROS interfaces[0m
[3.038s] running egg_info
[3.039s] creating micro_ros_msgs.egg-info
[3.067s] writing micro_ros_msgs.egg-info/PKG-INFO
[3.067s] writing dependency_links to micro_ros_msgs.egg-info/dependency_links.txt
[3.067s] writing top-level names to micro_ros_msgs.egg-info/top_level.txt
[3.067s] writing manifest file 'micro_ros_msgs.egg-info/SOURCES.txt'
[3.151s] reading manifest file 'micro_ros_msgs.egg-info/SOURCES.txt'
[3.152s] writing manifest file 'micro_ros_msgs.egg-info/SOURCES.txt'
[3.175s] [  7%] Built target ament_cmake_python_build_micro_ros_msgs_egg
[3.305s] [  7%] Built target micro_ros_msgs__cpp
[3.375s] [  9%] [32mBuilding C object CMakeFiles/micro_ros_msgs__rosidl_generator_c.dir/rosidl_generator_c/micro_ros_msgs/msg/detail/graph__functions.c.o[0m
[3.375s] [ 10%] [32mBuilding C object CMakeFiles/micro_ros_msgs__rosidl_generator_c.dir/rosidl_generator_c/micro_ros_msgs/msg/detail/entity__functions.c.o[0m
[3.376s] [ 16%] [32mBuilding C object CMakeFiles/micro_ros_msgs__rosidl_generator_c.dir/rosidl_generator_c/micro_ros_msgs/msg/detail/graph__type_support.c.o[0m
[3.376s] [ 16%] [32mBuilding C object CMakeFiles/micro_ros_msgs__rosidl_generator_c.dir/rosidl_generator_c/micro_ros_msgs/msg/detail/node__type_support.c.o[0m
[3.376s] [ 16%] [32mBuilding C object CMakeFiles/micro_ros_msgs__rosidl_generator_c.dir/rosidl_generator_c/micro_ros_msgs/msg/detail/graph__description.c.o[0m
[3.377s] [ 18%] [32mBuilding C object CMakeFiles/micro_ros_msgs__rosidl_generator_c.dir/rosidl_generator_c/micro_ros_msgs/msg/detail/node__functions.c.o[0m
[3.377s] [ 20%] [32mBuilding C object CMakeFiles/micro_ros_msgs__rosidl_generator_c.dir/rosidl_generator_c/micro_ros_msgs/msg/detail/node__description.c.o[0m
[3.377s] [ 21%] [32mBuilding C object CMakeFiles/micro_ros_msgs__rosidl_generator_c.dir/rosidl_generator_c/micro_ros_msgs/msg/detail/entity__description.c.o[0m
[3.378s] [ 23%] [32mBuilding C object CMakeFiles/micro_ros_msgs__rosidl_generator_c.dir/rosidl_generator_c/micro_ros_msgs/msg/detail/entity__type_support.c.o[0m
[3.449s] [ 25%] [32m[1mLinking C shared library libmicro_ros_msgs__rosidl_generator_c.so[0m
[3.487s] [ 25%] Built target micro_ros_msgs__rosidl_generator_c
[3.496s] [ 36%] [34m[1mGenerating C++ type support dispatch for ROS interfaces[0m
[3.496s] [ 36%] [34m[1mGenerating C introspection for ROS interfaces[0m
[3.497s] [ 36%] [34m[1mGenerating C type support for eProsima Fast-RTPS[0m
[3.497s] [ 36%] [34m[1mGenerating C type support dispatch for ROS interfaces[0m
[3.497s] [ 36%] [34m[1mGenerating C++ type support for eProsima Fast-RTPS[0m
[3.497s] [ 36%] [34m[1mGenerating C++ introspection for ROS interfaces[0m
[3.823s] [ 38%] [32mBuilding CXX object CMakeFiles/micro_ros_msgs__rosidl_typesupport_c.dir/rosidl_typesupport_c/micro_ros_msgs/msg/node__type_support.cpp.o[0m
[3.823s] [ 40%] [32mBuilding CXX object CMakeFiles/micro_ros_msgs__rosidl_typesupport_c.dir/rosidl_typesupport_c/micro_ros_msgs/msg/graph__type_support.cpp.o[0m
[3.823s] [ 41%] [32mBuilding CXX object CMakeFiles/micro_ros_msgs__rosidl_typesupport_c.dir/rosidl_typesupport_c/micro_ros_msgs/msg/entity__type_support.cpp.o[0m
[3.840s] [ 47%] [32mBuilding CXX object CMakeFiles/micro_ros_msgs__rosidl_typesupport_cpp.dir/rosidl_typesupport_cpp/micro_ros_msgs/msg/node__type_support.cpp.o[0m
[3.840s] [ 47%] [32mBuilding CXX object CMakeFiles/micro_ros_msgs__rosidl_typesupport_cpp.dir/rosidl_typesupport_cpp/micro_ros_msgs/msg/graph__type_support.cpp.o[0m
[3.840s] [ 47%] [32mBuilding CXX object CMakeFiles/micro_ros_msgs__rosidl_typesupport_cpp.dir/rosidl_typesupport_cpp/micro_ros_msgs/msg/entity__type_support.cpp.o[0m
[3.883s] [ 49%] [32mBuilding C object CMakeFiles/micro_ros_msgs__rosidl_typesupport_introspection_c.dir/rosidl_typesupport_introspection_c/micro_ros_msgs/msg/detail/graph__type_support.c.o[0m
[3.885s] [ 50%] [32mBuilding C object CMakeFiles/micro_ros_msgs__rosidl_typesupport_introspection_c.dir/rosidl_typesupport_introspection_c/micro_ros_msgs/msg/detail/node__type_support.c.o[0m
[3.889s] [ 52%] [32mBuilding C object CMakeFiles/micro_ros_msgs__rosidl_typesupport_introspection_c.dir/rosidl_typesupport_introspection_c/micro_ros_msgs/msg/detail/entity__type_support.c.o[0m
[3.902s] [ 54%] [32mBuilding CXX object CMakeFiles/micro_ros_msgs__rosidl_typesupport_introspection_cpp.dir/rosidl_typesupport_introspection_cpp/micro_ros_msgs/msg/detail/graph__type_support.cpp.o[0m
[3.904s] [ 56%] [32mBuilding CXX object CMakeFiles/micro_ros_msgs__rosidl_typesupport_introspection_cpp.dir/rosidl_typesupport_introspection_cpp/micro_ros_msgs/msg/detail/node__type_support.cpp.o[0m
[3.905s] [ 58%] [32mBuilding CXX object CMakeFiles/micro_ros_msgs__rosidl_typesupport_introspection_cpp.dir/rosidl_typesupport_introspection_cpp/micro_ros_msgs/msg/detail/entity__type_support.cpp.o[0m
[3.909s] [ 60%] [32m[1mLinking CXX shared library libmicro_ros_msgs__rosidl_typesupport_c.so[0m
[3.925s] [ 61%] [32mBuilding CXX object CMakeFiles/micro_ros_msgs__rosidl_typesupport_fastrtps_cpp.dir/rosidl_typesupport_fastrtps_cpp/micro_ros_msgs/msg/detail/dds_fastrtps/node__type_support.cpp.o[0m
[3.927s] [ 63%] [32mBuilding CXX object CMakeFiles/micro_ros_msgs__rosidl_typesupport_fastrtps_cpp.dir/rosidl_typesupport_fastrtps_cpp/micro_ros_msgs/msg/detail/dds_fastrtps/entity__type_support.cpp.o[0m
[3.935s] [ 65%] [32mBuilding CXX object CMakeFiles/micro_ros_msgs__rosidl_typesupport_fastrtps_cpp.dir/rosidl_typesupport_fastrtps_cpp/micro_ros_msgs/msg/detail/dds_fastrtps/graph__type_support.cpp.o[0m
[3.983s] [ 67%] [32m[1mLinking C shared library libmicro_ros_msgs__rosidl_typesupport_introspection_c.so[0m
[3.990s] [ 67%] Built target micro_ros_msgs__rosidl_typesupport_c
[4.012s] [ 69%] [32mBuilding CXX object CMakeFiles/micro_ros_msgs__rosidl_typesupport_fastrtps_c.dir/rosidl_typesupport_fastrtps_c/micro_ros_msgs/msg/detail/graph__type_support_c.cpp.o[0m
[4.012s] [ 70%] [32mBuilding CXX object CMakeFiles/micro_ros_msgs__rosidl_typesupport_fastrtps_c.dir/rosidl_typesupport_fastrtps_c/micro_ros_msgs/msg/detail/entity__type_support_c.cpp.o[0m
[4.013s] [ 72%] [32mBuilding CXX object CMakeFiles/micro_ros_msgs__rosidl_typesupport_fastrtps_c.dir/rosidl_typesupport_fastrtps_c/micro_ros_msgs/msg/detail/node__type_support_c.cpp.o[0m
[4.064s] [ 72%] Built target micro_ros_msgs__rosidl_typesupport_introspection_c
[4.493s] [ 74%] [32m[1mLinking CXX shared library libmicro_ros_msgs__rosidl_typesupport_cpp.so[0m
[4.559s] [ 74%] Built target micro_ros_msgs__rosidl_typesupport_cpp
[4.650s] [ 76%] [32m[1mLinking CXX shared library libmicro_ros_msgs__rosidl_typesupport_introspection_cpp.so[0m
[4.735s] [ 76%] Built target micro_ros_msgs__rosidl_typesupport_introspection_cpp
[4.745s] [ 78%] [32m[1mLinking CXX shared library libmicro_ros_msgs__rosidl_typesupport_fastrtps_c.so[0m
[4.804s] [ 80%] [32m[1mLinking CXX shared library libmicro_ros_msgs__rosidl_typesupport_fastrtps_cpp.so[0m
[4.808s] [ 80%] Built target micro_ros_msgs__rosidl_typesupport_fastrtps_c
[4.859s] [ 80%] Built target micro_ros_msgs__rosidl_typesupport_fastrtps_cpp
[4.875s] [ 80%] Built target micro_ros_msgs
[4.890s] [ 81%] [34m[1mGenerating Python code for ROS interfaces[0m
[5.270s] [ 81%] Built target micro_ros_msgs__py
[5.285s] [ 87%] [32mBuilding C object CMakeFiles/micro_ros_msgs__rosidl_generator_py.dir/rosidl_generator_py/micro_ros_msgs/msg/_graph_s.c.o[0m
[5.285s] [ 87%] [32mBuilding C object CMakeFiles/micro_ros_msgs__rosidl_generator_py.dir/rosidl_generator_py/micro_ros_msgs/msg/_entity_s.c.o[0m
[5.285s] [ 87%] [32mBuilding C object CMakeFiles/micro_ros_msgs__rosidl_generator_py.dir/rosidl_generator_py/micro_ros_msgs/msg/_node_s.c.o[0m
[5.406s] [ 89%] [32m[1mLinking C shared library libmicro_ros_msgs__rosidl_generator_py.so[0m
[5.440s] [ 89%] Built target micro_ros_msgs__rosidl_generator_py
[5.457s] [ 94%] [32mBuilding C object CMakeFiles/micro_ros_msgs_s__rosidl_typesupport_c.dir/rosidl_generator_py/micro_ros_msgs/_micro_ros_msgs_s.ep.rosidl_typesupport_c.c.o[0m
[5.457s] [ 94%] [32mBuilding C object CMakeFiles/micro_ros_msgs_s__rosidl_typesupport_fastrtps_c.dir/rosidl_generator_py/micro_ros_msgs/_micro_ros_msgs_s.ep.rosidl_typesupport_fastrtps_c.c.o[0m
[5.458s] [ 94%] [32mBuilding C object CMakeFiles/micro_ros_msgs_s__rosidl_typesupport_introspection_c.dir/rosidl_generator_py/micro_ros_msgs/_micro_ros_msgs_s.ep.rosidl_typesupport_introspection_c.c.o[0m
[5.551s] [ 98%] [32m[1mLinking C shared module rosidl_generator_py/micro_ros_msgs/micro_ros_msgs_s__rosidl_typesupport_introspection_c.so[0m
[5.551s] [ 98%] [32m[1mLinking C shared module rosidl_generator_py/micro_ros_msgs/micro_ros_msgs_s__rosidl_typesupport_c.so[0m
[5.552s] [100%] [32m[1mLinking C shared module rosidl_generator_py/micro_ros_msgs/micro_ros_msgs_s__rosidl_typesupport_fastrtps_c.so[0m
[5.576s] [100%] Built target micro_ros_msgs_s__rosidl_typesupport_c
[5.576s] [100%] Built target micro_ros_msgs_s__rosidl_typesupport_fastrtps_c
[5.576s] [100%] Built target micro_ros_msgs_s__rosidl_typesupport_introspection_c
[5.587s] Invoked command in '/home/franco/Desktop/Robotica/2dopar/RvizRobot/build/micro_ros_msgs' returned '0': CMAKE_PREFIX_PATH=${CMAKE_PREFIX_PATH}:/home/franco/Desktop/Robotica/2dopar/RvizRobot/install/my_robot_viz:/opt/ros/jazzy DEBUGINFOD_URLS=https://debuginfod.ubuntu.com /usr/bin/cmake --build /home/franco/Desktop/Robotica/2dopar/RvizRobot/build/micro_ros_msgs -- -j16 -l16
[5.598s] Invoking command in '/home/franco/Desktop/Robotica/2dopar/RvizRobot/build/micro_ros_msgs': CMAKE_PREFIX_PATH=${CMAKE_PREFIX_PATH}:/home/franco/Desktop/Robotica/2dopar/RvizRobot/install/my_robot_viz:/opt/ros/jazzy DEBUGINFOD_URLS=https://debuginfod.ubuntu.com /usr/bin/cmake --install /home/franco/Desktop/Robotica/2dopar/RvizRobot/build/micro_ros_msgs
[5.604s] -- Install configuration: ""
[5.604s] -- Installing: /home/franco/Desktop/Robotica/2dopar/RvizRobot/install/micro_ros_msgs/share/ament_index/resource_index/rosidl_interfaces/micro_ros_msgs
[5.604s] -- Installing: /home/franco/Desktop/Robotica/2dopar/RvizRobot/install/micro_ros_msgs/share/micro_ros_msgs/msg/Graph.json
[5.605s] -- Installing: /home/franco/Desktop/Robotica/2dopar/RvizRobot/install/micro_ros_msgs/share/micro_ros_msgs/msg/Node.json
[5.605s] -- Installing: /home/franco/Desktop/Robotica/2dopar/RvizRobot/install/micro_ros_msgs/share/micro_ros_msgs/msg/Entity.json
[5.605s] -- Installing: /home/franco/Desktop/Robotica/2dopar/RvizRobot/install/micro_ros_msgs/include/micro_ros_msgs/micro_ros_msgs
[5.605s] -- Installing: /home/franco/Desktop/Robotica/2dopar/RvizRobot/install/micro_ros_msgs/include/micro_ros_msgs/micro_ros_msgs/msg
[5.605s] -- Installing: /home/franco/Desktop/Robotica/2dopar/RvizRobot/install/micro_ros_msgs/include/micro_ros_msgs/micro_ros_msgs/msg/detail
[5.605s] -- Installing: /home/franco/Desktop/Robotica/2dopar/RvizRobot/install/micro_ros_msgs/include/micro_ros_msgs/micro_ros_msgs/msg/detail/node__functions.c
[5.605s] -- Installing: /home/franco/Desktop/Robotica/2dopar/RvizRobot/install/micro_ros_msgs/include/micro_ros_msgs/micro_ros_msgs/msg/detail/entity__type_support.c
[5.605s] -- Installing: /home/franco/Desktop/Robotica/2dopar/RvizRobot/install/micro_ros_msgs/include/micro_ros_msgs/micro_ros_msgs/msg/detail/graph__type_support.c
[5.605s] -- Installing: /home/franco/Desktop/Robotica/2dopar/RvizRobot/install/micro_ros_msgs/include/micro_ros_msgs/micro_ros_msgs/msg/detail/node__struct.h
[5.605s] -- Installing: /home/franco/Desktop/Robotica/2dopar/RvizRobot/install/micro_ros_msgs/include/micro_ros_msgs/micro_ros_msgs/msg/detail/graph__struct.h
[5.605s] -- Installing: /home/franco/Desktop/Robotica/2dopar/RvizRobot/install/micro_ros_msgs/include/micro_ros_msgs/micro_ros_msgs/msg/detail/graph__functions.c
[5.605s] -- Installing: /home/franco/Desktop/Robotica/2dopar/RvizRobot/install/micro_ros_msgs/include/micro_ros_msgs/micro_ros_msgs/msg/detail/graph__functions.h
[5.605s] -- Installing: /home/franco/Desktop/Robotica/2dopar/RvizRobot/install/micro_ros_msgs/include/micro_ros_msgs/micro_ros_msgs/msg/detail/entity__type_support.h
[5.605s] -- Installing: /home/franco/Desktop/Robotica/2dopar/RvizRobot/install/micro_ros_msgs/include/micro_ros_msgs/micro_ros_msgs/msg/detail/node__type_support.h
[5.605s] -- Installing: /home/franco/Desktop/Robotica/2dopar/RvizRobot/install/micro_ros_msgs/include/micro_ros_msgs/micro_ros_msgs/msg/detail/graph__type_support.h
[5.606s] -- Installing: /home/franco/Desktop/Robotica/2dopar/RvizRobot/install/micro_ros_msgs/include/micro_ros_msgs/micro_ros_msgs/msg/detail/node__functions.h
[5.606s] -- Installing: /home/franco/Desktop/Robotica/2dopar/RvizRobot/install/micro_ros_msgs/include/micro_ros_msgs/micro_ros_msgs/msg/detail/entity__struct.h
[5.606s] -- Installing: /home/franco/Desktop/Robotica/2dopar/RvizRobot/install/micro_ros_msgs/include/micro_ros_msgs/micro_ros_msgs/msg/detail/node__type_support.c
[5.606s] -- Installing: /home/franco/Desktop/Robotica/2dopar/RvizRobot/install/micro_ros_msgs/include/micro_ros_msgs/micro_ros_msgs/msg/detail/entity__functions.h
[5.606s] -- Installing: /home/franco/Desktop/Robotica/2dopar/RvizRobot/install/micro_ros_msgs/include/micro_ros_msgs/micro_ros_msgs/msg/detail/graph__description.c
[5.606s] -- Installing: /home/franco/Desktop/Robotica/2dopar/RvizRobot/install/micro_ros_msgs/include/micro_ros_msgs/micro_ros_msgs/msg/detail/entity__description.c
[5.606s] -- Installing: /home/franco/Desktop/Robotica/2dopar/RvizRobot/install/micro_ros_msgs/include/micro_ros_msgs/micro_ros_msgs/msg/detail/node__description.c
[5.606s] -- Installing: /home/franco/Desktop/Robotica/2dopar/RvizRobot/install/micro_ros_msgs/include/micro_ros_msgs/micro_ros_msgs/msg/detail/entity__functions.c
[5.606s] -- Installing: /home/franco/Desktop/Robotica/2dopar/RvizRobot/install/micro_ros_msgs/include/micro_ros_msgs/micro_ros_msgs/msg/graph.h
[5.606s] -- Installing: /home/franco/Desktop/Robotica/2dopar/RvizRobot/install/micro_ros_msgs/include/micro_ros_msgs/micro_ros_msgs/msg/rosidl_generator_c__visibility_control.h
[5.606s] -- Installing: /home/franco/Desktop/Robotica/2dopar/RvizRobot/install/micro_ros_msgs/include/micro_ros_msgs/micro_ros_msgs/msg/node.h
[5.606s] -- Installing: /home/franco/Desktop/Robotica/2dopar/RvizRobot/install/micro_ros_msgs/include/micro_ros_msgs/micro_ros_msgs/msg/entity.h
[5.606s] -- Installing: /home/franco/Desktop/Robotica/2dopar/RvizRobot/install/micro_ros_msgs/share/micro_ros_msgs/environment/library_path.sh
[5.606s] -- Installing: /home/franco/Desktop/Robotica/2dopar/RvizRobot/install/micro_ros_msgs/share/micro_ros_msgs/environment/library_path.dsv
[5.607s] -- Installing: /home/franco/Desktop/Robotica/2dopar/RvizRobot/install/micro_ros_msgs/lib/libmicro_ros_msgs__rosidl_generator_c.so
[5.607s] -- Set non-toolchain portion of runtime path of "/home/franco/Desktop/Robotica/2dopar/RvizRobot/install/micro_ros_msgs/lib/libmicro_ros_msgs__rosidl_generator_c.so" to ""
[5.607s] -- Up-to-date: /home/franco/Desktop/Robotica/2dopar/RvizRobot/install/micro_ros_msgs/include/micro_ros_msgs/micro_ros_msgs
[5.607s] -- Up-to-date: /home/franco/Desktop/Robotica/2dopar/RvizRobot/install/micro_ros_msgs/include/micro_ros_msgs/micro_ros_msgs/msg
[5.607s] -- Up-to-date: /home/franco/Desktop/Robotica/2dopar/RvizRobot/install/micro_ros_msgs/include/micro_ros_msgs/micro_ros_msgs/msg/detail
[5.607s] -- Installing: /home/franco/Desktop/Robotica/2dopar/RvizRobot/install/micro_ros_msgs/include/micro_ros_msgs/micro_ros_msgs/msg/detail/graph__rosidl_typesupport_fastrtps_c.h
[5.607s] -- Installing: /home/franco/Desktop/Robotica/2dopar/RvizRobot/install/micro_ros_msgs/include/micro_ros_msgs/micro_ros_msgs/msg/detail/entity__rosidl_typesupport_fastrtps_c.h
[5.607s] -- Installing: /home/franco/Desktop/Robotica/2dopar/RvizRobot/install/micro_ros_msgs/include/micro_ros_msgs/micro_ros_msgs/msg/detail/node__rosidl_typesupport_fastrtps_c.h
[5.607s] -- Installing: /home/franco/Desktop/Robotica/2dopar/RvizRobot/install/micro_ros_msgs/include/micro_ros_msgs/micro_ros_msgs/msg/rosidl_typesupport_fastrtps_c__visibility_control.h
[5.607s] -- Installing: /home/franco/Desktop/Robotica/2dopar/RvizRobot/install/micro_ros_msgs/lib/libmicro_ros_msgs__rosidl_typesupport_fastrtps_c.so
[5.607s] -- Set non-toolchain portion of runtime path of "/home/franco/Desktop/Robotica/2dopar/RvizRobot/install/micro_ros_msgs/lib/libmicro_ros_msgs__rosidl_typesupport_fastrtps_c.so" to ""
[5.608s] -- Up-to-date: /home/franco/Desktop/Robotica/2dopar/RvizRobot/install/micro_ros_msgs/include/micro_ros_msgs/micro_ros_msgs
[5.608s] -- Up-to-date: /home/franco/Desktop/Robotica/2dopar/RvizRobot/install/micro_ros_msgs/include/micro_ros_msgs/micro_ros_msgs/msg
[5.608s] -- Up-to-date: /home/franco/Desktop/Robotica/2dopar/RvizRobot/install/micro_ros_msgs/include/micro_ros_msgs/micro_ros_msgs/msg/detail
[5.608s] -- Installing: /home/franco/Desktop/Robotica/2dopar/RvizRobot/install/micro_ros_msgs/include/micro_ros_msgs/micro_ros_msgs/msg/detail/entity__type_support.c
[5.608s] -- Installing: /home/franco/Desktop/Robotica/2dopar/RvizRobot/install/micro_ros_msgs/include/micro_ros_msgs/micro_ros_msgs/msg/detail/graph__type_support.c
[5.608s] -- Installing: /home/franco/Desktop/Robotica/2dopar/RvizRobot/install/micro_ros_msgs/include/micro_ros_msgs/micro_ros_msgs/msg/detail/graph__rosidl_typesupport_introspection_c.h
[5.608s] -- Installing: /home/franco/Desktop/Robotica/2dopar/RvizRobot/install/micro_ros_msgs/include/micro_ros_msgs/micro_ros_msgs/msg/detail/entity__rosidl_typesupport_introspection_c.h
[5.608s] -- Installing: /home/franco/Desktop/Robotica/2dopar/RvizRobot/install/micro_ros_msgs/include/micro_ros_msgs/micro_ros_msgs/msg/detail/node__rosidl_typesupport_introspection_c.h
[5.608s] -- Installing: /home/franco/Desktop/Robotica/2dopar/RvizRobot/install/micro_ros_msgs/include/micro_ros_msgs/micro_ros_msgs/msg/detail/node__type_support.c
[5.608s] -- Installing: /home/franco/Desktop/Robotica/2dopar/RvizRobot/install/micro_ros_msgs/include/micro_ros_msgs/micro_ros_msgs/msg/rosidl_typesupport_introspection_c__visibility_control.h
[5.608s] -- Installing: /home/franco/Desktop/Robotica/2dopar/RvizRobot/install/micro_ros_msgs/lib/libmicro_ros_msgs__rosidl_typesupport_introspection_c.so
[5.608s] -- Set non-toolchain portion of runtime path of "/home/franco/Desktop/Robotica/2dopar/RvizRobot/install/micro_ros_msgs/lib/libmicro_ros_msgs__rosidl_typesupport_introspection_c.so" to ""
[5.608s] -- Installing: /home/franco/Desktop/Robotica/2dopar/RvizRobot/install/micro_ros_msgs/lib/libmicro_ros_msgs__rosidl_typesupport_c.so
[5.609s] -- Set non-toolchain portion of runtime path of "/home/franco/Desktop/Robotica/2dopar/RvizRobot/install/micro_ros_msgs/lib/libmicro_ros_msgs__rosidl_typesupport_c.so" to ""
[5.609s] -- Up-to-date: /home/franco/Desktop/Robotica/2dopar/RvizRobot/install/micro_ros_msgs/include/micro_ros_msgs/micro_ros_msgs
[5.609s] -- Up-to-date: /home/franco/Desktop/Robotica/2dopar/RvizRobot/install/micro_ros_msgs/include/micro_ros_msgs/micro_ros_msgs/msg
[5.609s] -- Up-to-date: /home/franco/Desktop/Robotica/2dopar/RvizRobot/install/micro_ros_msgs/include/micro_ros_msgs/micro_ros_msgs/msg/detail
[5.609s] -- Installing: /home/franco/Desktop/Robotica/2dopar/RvizRobot/install/micro_ros_msgs/include/micro_ros_msgs/micro_ros_msgs/msg/detail/graph__builder.hpp
[5.609s] -- Installing: /home/franco/Desktop/Robotica/2dopar/RvizRobot/install/micro_ros_msgs/include/micro_ros_msgs/micro_ros_msgs/msg/detail/entity__type_support.hpp
[5.609s] -- Installing: /home/franco/Desktop/Robotica/2dopar/RvizRobot/install/micro_ros_msgs/include/micro_ros_msgs/micro_ros_msgs/msg/detail/graph__type_support.hpp
[5.609s] -- Installing: /home/franco/Desktop/Robotica/2dopar/RvizRobot/install/micro_ros_msgs/include/micro_ros_msgs/micro_ros_msgs/msg/detail/graph__traits.hpp
[5.609s] -- Installing: /home/franco/Desktop/Robotica/2dopar/RvizRobot/install/micro_ros_msgs/include/micro_ros_msgs/micro_ros_msgs/msg/detail/node__traits.hpp
[5.609s] -- Installing: /home/franco/Desktop/Robotica/2dopar/RvizRobot/install/micro_ros_msgs/include/micro_ros_msgs/micro_ros_msgs/msg/detail/node__struct.hpp
[5.609s] -- Installing: /home/franco/Desktop/Robotica/2dopar/RvizRobot/install/micro_ros_msgs/include/micro_ros_msgs/micro_ros_msgs/msg/detail/entity__struct.hpp
[5.609s] -- Installing: /home/franco/Desktop/Robotica/2dopar/RvizRobot/install/micro_ros_msgs/include/micro_ros_msgs/micro_ros_msgs/msg/detail/entity__traits.hpp
[5.609s] -- Installing: /home/franco/Desktop/Robotica/2dopar/RvizRobot/install/micro_ros_msgs/include/micro_ros_msgs/micro_ros_msgs/msg/detail/entity__builder.hpp
[5.610s] -- Installing: /home/franco/Desktop/Robotica/2dopar/RvizRobot/install/micro_ros_msgs/include/micro_ros_msgs/micro_ros_msgs/msg/detail/node__type_support.hpp
[5.610s] -- Installing: /home/franco/Desktop/Robotica/2dopar/RvizRobot/install/micro_ros_msgs/include/micro_ros_msgs/micro_ros_msgs/msg/detail/graph__struct.hpp
[5.610s] -- Installing: /home/franco/Desktop/Robotica/2dopar/RvizRobot/install/micro_ros_msgs/include/micro_ros_msgs/micro_ros_msgs/msg/detail/node__builder.hpp
[5.610s] -- Installing: /home/franco/Desktop/Robotica/2dopar/RvizRobot/install/micro_ros_msgs/include/micro_ros_msgs/micro_ros_msgs/msg/node.hpp
[5.610s] -- Installing: /home/franco/Desktop/Robotica/2dopar/RvizRobot/install/micro_ros_msgs/include/micro_ros_msgs/micro_ros_msgs/msg/entity.hpp
[5.610s] -- Installing: /home/franco/Desktop/Robotica/2dopar/RvizRobot/install/micro_ros_msgs/include/micro_ros_msgs/micro_ros_msgs/msg/rosidl_generator_cpp__visibility_control.hpp
[5.610s] -- Installing: /home/franco/Desktop/Robotica/2dopar/RvizRobot/install/micro_ros_msgs/include/micro_ros_msgs/micro_ros_msgs/msg/graph.hpp
[5.610s] -- Up-to-date: /home/franco/Desktop/Robotica/2dopar/RvizRobot/install/micro_ros_msgs/include/micro_ros_msgs/micro_ros_msgs
[5.610s] -- Up-to-date: /home/franco/Desktop/Robotica/2dopar/RvizRobot/install/micro_ros_msgs/include/micro_ros_msgs/micro_ros_msgs/msg
[5.610s] -- Up-to-date: /home/franco/Desktop/Robotica/2dopar/RvizRobot/install/micro_ros_msgs/include/micro_ros_msgs/micro_ros_msgs/msg/detail
[5.610s] -- Installing: /home/franco/Desktop/Robotica/2dopar/RvizRobot/install/micro_ros_msgs/include/micro_ros_msgs/micro_ros_msgs/msg/detail/dds_fastrtps
[5.610s] -- Installing: /home/franco/Desktop/Robotica/2dopar/RvizRobot/install/micro_ros_msgs/include/micro_ros_msgs/micro_ros_msgs/msg/detail/graph__rosidl_typesupport_fastrtps_cpp.hpp
[5.610s] -- Installing: /home/franco/Desktop/Robotica/2dopar/RvizRobot/install/micro_ros_msgs/include/micro_ros_msgs/micro_ros_msgs/msg/detail/node__rosidl_typesupport_fastrtps_cpp.hpp
[5.611s] -- Installing: /home/franco/Desktop/Robotica/2dopar/RvizRobot/install/micro_ros_msgs/include/micro_ros_msgs/micro_ros_msgs/msg/detail/entity__rosidl_typesupport_fastrtps_cpp.hpp
[5.611s] -- Installing: /home/franco/Desktop/Robotica/2dopar/RvizRobot/install/micro_ros_msgs/include/micro_ros_msgs/micro_ros_msgs/msg/rosidl_typesupport_fastrtps_cpp__visibility_control.h
[5.611s] -- Installing: /home/franco/Desktop/Robotica/2dopar/RvizRobot/install/micro_ros_msgs/lib/libmicro_ros_msgs__rosidl_typesupport_fastrtps_cpp.so
[5.611s] -- Set non-toolchain portion of runtime path of "/home/franco/Desktop/Robotica/2dopar/RvizRobot/install/micro_ros_msgs/lib/libmicro_ros_msgs__rosidl_typesupport_fastrtps_cpp.so" to ""
[5.611s] -- Up-to-date: /home/franco/Desktop/Robotica/2dopar/RvizRobot/install/micro_ros_msgs/include/micro_ros_msgs/micro_ros_msgs
[5.611s] -- Up-to-date: /home/franco/Desktop/Robotica/2dopar/RvizRobot/install/micro_ros_msgs/include/micro_ros_msgs/micro_ros_msgs/msg
[5.611s] -- Up-to-date: /home/franco/Desktop/Robotica/2dopar/RvizRobot/install/micro_ros_msgs/include/micro_ros_msgs/micro_ros_msgs/msg/detail
[5.611s] -- Installing: /home/franco/Desktop/Robotica/2dopar/RvizRobot/install/micro_ros_msgs/include/micro_ros_msgs/micro_ros_msgs/msg/detail/entity__rosidl_typesupport_introspection_cpp.hpp
[5.612s] -- Installing: /home/franco/Desktop/Robotica/2dopar/RvizRobot/install/micro_ros_msgs/include/micro_ros_msgs/micro_ros_msgs/msg/detail/node__rosidl_typesupport_introspection_cpp.hpp
[5.612s] -- Installing: /home/franco/Desktop/Robotica/2dopar/RvizRobot/install/micro_ros_msgs/include/micro_ros_msgs/micro_ros_msgs/msg/detail/node__type_support.cpp
[5.612s] -- Installing: /home/franco/Desktop/Robotica/2dopar/RvizRobot/install/micro_ros_msgs/include/micro_ros_msgs/micro_ros_msgs/msg/detail/graph__type_support.cpp
[5.612s] -- Installing: /home/franco/Desktop/Robotica/2dopar/RvizRobot/install/micro_ros_msgs/include/micro_ros_msgs/micro_ros_msgs/msg/detail/entity__type_support.cpp
[5.612s] -- Installing: /home/franco/Desktop/Robotica/2dopar/RvizRobot/install/micro_ros_msgs/include/micro_ros_msgs/micro_ros_msgs/msg/detail/graph__rosidl_typesupport_introspection_cpp.hpp
[5.612s] -- Installing: /home/franco/Desktop/Robotica/2dopar/RvizRobot/install/micro_ros_msgs/lib/libmicro_ros_msgs__rosidl_typesupport_introspection_cpp.so
[5.612s] -- Set non-toolchain portion of runtime path of "/home/franco/Desktop/Robotica/2dopar/RvizRobot/install/micro_ros_msgs/lib/libmicro_ros_msgs__rosidl_typesupport_introspection_cpp.so" to ""
[5.612s] -- Installing: /home/franco/Desktop/Robotica/2dopar/RvizRobot/install/micro_ros_msgs/lib/libmicro_ros_msgs__rosidl_typesupport_cpp.so
[5.613s] -- Set non-toolchain portion of runtime path of "/home/franco/Desktop/Robotica/2dopar/RvizRobot/install/micro_ros_msgs/lib/libmicro_ros_msgs__rosidl_typesupport_cpp.so" to ""
[5.613s] -- Installing: /home/franco/Desktop/Robotica/2dopar/RvizRobot/install/micro_ros_msgs/share/micro_ros_msgs/environment/pythonpath.sh
[5.613s] -- Installing: /home/franco/Desktop/Robotica/2dopar/RvizRobot/install/micro_ros_msgs/share/micro_ros_msgs/environment/pythonpath.dsv
[5.613s] -- Installing: /home/franco/Desktop/Robotica/2dopar/RvizRobot/install/micro_ros_msgs/lib/python3.12/site-packages/micro_ros_msgs-5.0.2-py3.12.egg-info
[5.613s] -- Installing: /home/franco/Desktop/Robotica/2dopar/RvizRobot/install/micro_ros_msgs/lib/python3.12/site-packages/micro_ros_msgs-5.0.2-py3.12.egg-info/dependency_links.txt
[5.613s] -- Installing: /home/franco/Desktop/Robotica/2dopar/RvizRobot/install/micro_ros_msgs/lib/python3.12/site-packages/micro_ros_msgs-5.0.2-py3.12.egg-info/PKG-INFO
[5.613s] -- Installing: /home/franco/Desktop/Robotica/2dopar/RvizRobot/install/micro_ros_msgs/lib/python3.12/site-packages/micro_ros_msgs-5.0.2-py3.12.egg-info/top_level.txt
[5.613s] -- Installing: /home/franco/Desktop/Robotica/2dopar/RvizRobot/install/micro_ros_msgs/lib/python3.12/site-packages/micro_ros_msgs-5.0.2-py3.12.egg-info/SOURCES.txt
[5.613s] -- Installing: /home/franco/Desktop/Robotica/2dopar/RvizRobot/install/micro_ros_msgs/lib/python3.12/site-packages/micro_ros_msgs
[5.613s] -- Installing: /home/franco/Desktop/Robotica/2dopar/RvizRobot/install/micro_ros_msgs/lib/python3.12/site-packages/micro_ros_msgs/msg
[5.614s] -- Installing: /home/franco/Desktop/Robotica/2dopar/RvizRobot/install/micro_ros_msgs/lib/python3.12/site-packages/micro_ros_msgs/msg/_graph.py
[5.614s] -- Installing: /home/franco/Desktop/Robotica/2dopar/RvizRobot/install/micro_ros_msgs/lib/python3.12/site-packages/micro_ros_msgs/msg/_graph_s.c
[5.614s] -- Installing: /home/franco/Desktop/Robotica/2dopar/RvizRobot/install/micro_ros_msgs/lib/python3.12/site-packages/micro_ros_msgs/msg/_entity.py
[5.614s] -- Installing: /home/franco/Desktop/Robotica/2dopar/RvizRobot/install/micro_ros_msgs/lib/python3.12/site-packages/micro_ros_msgs/msg/_node.py
[5.614s] -- Installing: /home/franco/Desktop/Robotica/2dopar/RvizRobot/install/micro_ros_msgs/lib/python3.12/site-packages/micro_ros_msgs/msg/_entity_s.c
[5.614s] -- Installing: /home/franco/Desktop/Robotica/2dopar/RvizRobot/install/micro_ros_msgs/lib/python3.12/site-packages/micro_ros_msgs/msg/__init__.py
[5.614s] -- Installing: /home/franco/Desktop/Robotica/2dopar/RvizRobot/install/micro_ros_msgs/lib/python3.12/site-packages/micro_ros_msgs/msg/_node_s.c
[5.614s] -- Installing: /home/franco/Desktop/Robotica/2dopar/RvizRobot/install/micro_ros_msgs/lib/python3.12/site-packages/micro_ros_msgs/_micro_ros_msgs_s.ep.rosidl_typesupport_c.c
[5.614s] -- Installing: /home/franco/Desktop/Robotica/2dopar/RvizRobot/install/micro_ros_msgs/lib/python3.12/site-packages/micro_ros_msgs/micro_ros_msgs_s__rosidl_typesupport_introspection_c.so
[5.615s] -- Installing: /home/franco/Desktop/Robotica/2dopar/RvizRobot/install/micro_ros_msgs/lib/python3.12/site-packages/micro_ros_msgs/_micro_ros_msgs_s.ep.rosidl_typesupport_fastrtps_c.c
[5.615s] -- Installing: /home/franco/Desktop/Robotica/2dopar/RvizRobot/install/micro_ros_msgs/lib/python3.12/site-packages/micro_ros_msgs/micro_ros_msgs_s__rosidl_typesupport_c.so
[5.615s] -- Installing: /home/franco/Desktop/Robotica/2dopar/RvizRobot/install/micro_ros_msgs/lib/python3.12/site-packages/micro_ros_msgs/__init__.py
[5.615s] -- Installing: /home/franco/Desktop/Robotica/2dopar/RvizRobot/install/micro_ros_msgs/lib/python3.12/site-packages/micro_ros_msgs/_micro_ros_msgs_s.ep.rosidl_typesupport_introspection_c.c
[5.615s] -- Installing: /home/franco/Desktop/Robotica/2dopar/RvizRobot/install/micro_ros_msgs/lib/python3.12/site-packages/micro_ros_msgs/micro_ros_msgs_s__rosidl_typesupport_fastrtps_c.so
[5.657s] Listing '/home/franco/Desktop/Robotica/2dopar/RvizRobot/install/micro_ros_msgs/lib/python3.12/site-packages/micro_ros_msgs'...
[5.657s] Compiling '/home/franco/Desktop/Robotica/2dopar/RvizRobot/install/micro_ros_msgs/lib/python3.12/site-packages/micro_ros_msgs/__init__.py'...
[5.657s] Listing '/home/franco/Desktop/Robotica/2dopar/RvizRobot/install/micro_ros_msgs/lib/python3.12/site-packages/micro_ros_msgs/msg'...
[5.657s] Compiling '/home/franco/Desktop/Robotica/2dopar/RvizRobot/install/micro_ros_msgs/lib/python3.12/site-packages/micro_ros_msgs/msg/__init__.py'...
[5.657s] Compiling '/home/franco/Desktop/Robotica/2dopar/RvizRobot/install/micro_ros_msgs/lib/python3.12/site-packages/micro_ros_msgs/msg/_entity.py'...
[5.657s] Compiling '/home/franco/Desktop/Robotica/2dopar/RvizRobot/install/micro_ros_msgs/lib/python3.12/site-packages/micro_ros_msgs/msg/_graph.py'...
[5.657s] Compiling '/home/franco/Desktop/Robotica/2dopar/RvizRobot/install/micro_ros_msgs/lib/python3.12/site-packages/micro_ros_msgs/msg/_node.py'...
[5.661s] -- Installing: /home/franco/Desktop/Robotica/2dopar/RvizRobot/install/micro_ros_msgs/lib/python3.12/site-packages/micro_ros_msgs/micro_ros_msgs_s__rosidl_typesupport_fastrtps_c.so
[5.661s] -- Set non-toolchain portion of runtime path of "/home/franco/Desktop/Robotica/2dopar/RvizRobot/install/micro_ros_msgs/lib/python3.12/site-packages/micro_ros_msgs/micro_ros_msgs_s__rosidl_typesupport_fastrtps_c.so" to ""
[5.661s] -- Installing: /home/franco/Desktop/Robotica/2dopar/RvizRobot/install/micro_ros_msgs/lib/python3.12/site-packages/micro_ros_msgs/micro_ros_msgs_s__rosidl_typesupport_introspection_c.so
[5.662s] -- Set non-toolchain portion of runtime path of "/home/franco/Desktop/Robotica/2dopar/RvizRobot/install/micro_ros_msgs/lib/python3.12/site-packages/micro_ros_msgs/micro_ros_msgs_s__rosidl_typesupport_introspection_c.so" to ""
[5.662s] -- Installing: /home/franco/Desktop/Robotica/2dopar/RvizRobot/install/micro_ros_msgs/lib/python3.12/site-packages/micro_ros_msgs/micro_ros_msgs_s__rosidl_typesupport_c.so
[5.662s] -- Set non-toolchain portion of runtime path of "/home/franco/Desktop/Robotica/2dopar/RvizRobot/install/micro_ros_msgs/lib/python3.12/site-packages/micro_ros_msgs/micro_ros_msgs_s__rosidl_typesupport_c.so" to ""
[5.662s] -- Installing: /home/franco/Desktop/Robotica/2dopar/RvizRobot/install/micro_ros_msgs/lib/libmicro_ros_msgs__rosidl_generator_py.so
[5.662s] -- Set non-toolchain portion of runtime path of "/home/franco/Desktop/Robotica/2dopar/RvizRobot/install/micro_ros_msgs/lib/libmicro_ros_msgs__rosidl_generator_py.so" to ""
[5.662s] -- Installing: /home/franco/Desktop/Robotica/2dopar/RvizRobot/install/micro_ros_msgs/share/ament_index/resource_index/rust_packages/micro_ros_msgs
[5.662s] -- Installing: /home/franco/Desktop/Robotica/2dopar/RvizRobot/install/micro_ros_msgs/share/micro_ros_msgs/rust
[5.662s] -- Installing: /home/franco/Desktop/Robotica/2dopar/RvizRobot/install/micro_ros_msgs/share/micro_ros_msgs/rust/build.rs
[5.662s] -- Installing: /home/franco/Desktop/Robotica/2dopar/RvizRobot/install/micro_ros_msgs/share/micro_ros_msgs/rust/Cargo.toml
[5.662s] -- Installing: /home/franco/Desktop/Robotica/2dopar/RvizRobot/install/micro_ros_msgs/share/micro_ros_msgs/rust/src
[5.663s] -- Installing: /home/franco/Desktop/Robotica/2dopar/RvizRobot/install/micro_ros_msgs/share/micro_ros_msgs/rust/src/msg
[5.663s] -- Installing: /home/franco/Desktop/Robotica/2dopar/RvizRobot/install/micro_ros_msgs/share/micro_ros_msgs/rust/src/msg/rmw.rs
[5.663s] -- Installing: /home/franco/Desktop/Robotica/2dopar/RvizRobot/install/micro_ros_msgs/share/micro_ros_msgs/rust/src/lib.rs
[5.663s] -- Installing: /home/franco/Desktop/Robotica/2dopar/RvizRobot/install/micro_ros_msgs/share/micro_ros_msgs/rust/src/msg.rs
[5.663s] -- Installing: /home/franco/Desktop/Robotica/2dopar/RvizRobot/install/micro_ros_msgs/share/micro_ros_msgs/msg/Graph.idl
[5.663s] -- Installing: /home/franco/Desktop/Robotica/2dopar/RvizRobot/install/micro_ros_msgs/share/micro_ros_msgs/msg/Node.idl
[5.663s] -- Installing: /home/franco/Desktop/Robotica/2dopar/RvizRobot/install/micro_ros_msgs/share/micro_ros_msgs/msg/Entity.idl
[5.663s] -- Installing: /home/franco/Desktop/Robotica/2dopar/RvizRobot/install/micro_ros_msgs/share/micro_ros_msgs/msg/Graph.msg
[5.663s] -- Installing: /home/franco/Desktop/Robotica/2dopar/RvizRobot/install/micro_ros_msgs/share/micro_ros_msgs/msg/Node.msg
[5.663s] -- Installing: /home/franco/Desktop/Robotica/2dopar/RvizRobot/install/micro_ros_msgs/share/micro_ros_msgs/msg/Entity.msg
[5.663s] -- Installing: /home/franco/Desktop/Robotica/2dopar/RvizRobot/install/micro_ros_msgs/share/ament_index/resource_index/package_run_dependencies/micro_ros_msgs
[5.663s] -- Installing: /home/franco/Desktop/Robotica/2dopar/RvizRobot/install/micro_ros_msgs/share/ament_index/resource_index/parent_prefix_path/micro_ros_msgs
[5.663s] -- Installing: /home/franco/Desktop/Robotica/2dopar/RvizRobot/install/micro_ros_msgs/share/micro_ros_msgs/environment/ament_prefix_path.sh
[5.664s] -- Installing: /home/franco/Desktop/Robotica/2dopar/RvizRobot/install/micro_ros_msgs/share/micro_ros_msgs/environment/ament_prefix_path.dsv
[5.664s] -- Installing: /home/franco/Desktop/Robotica/2dopar/RvizRobot/install/micro_ros_msgs/share/micro_ros_msgs/environment/path.sh
[5.664s] -- Installing: /home/franco/Desktop/Robotica/2dopar/RvizRobot/install/micro_ros_msgs/share/micro_ros_msgs/environment/path.dsv
[5.664s] -- Installing: /home/franco/Desktop/Robotica/2dopar/RvizRobot/install/micro_ros_msgs/share/micro_ros_msgs/local_setup.bash
[5.664s] -- Installing: /home/franco/Desktop/Robotica/2dopar/RvizRobot/install/micro_ros_msgs/share/micro_ros_msgs/local_setup.sh
[5.664s] -- Installing: /home/franco/Desktop/Robotica/2dopar/RvizRobot/install/micro_ros_msgs/share/micro_ros_msgs/local_setup.zsh
[5.664s] -- Installing: /home/franco/Desktop/Robotica/2dopar/RvizRobot/install/micro_ros_msgs/share/micro_ros_msgs/local_setup.dsv
[5.664s] -- Installing: /home/franco/Desktop/Robotica/2dopar/RvizRobot/install/micro_ros_msgs/share/micro_ros_msgs/package.dsv
[5.664s] -- Installing: /home/franco/Desktop/Robotica/2dopar/RvizRobot/install/micro_ros_msgs/share/ament_index/resource_index/packages/micro_ros_msgs
[5.664s] -- Installing: /home/franco/Desktop/Robotica/2dopar/RvizRobot/install/micro_ros_msgs/share/micro_ros_msgs/cmake/export_micro_ros_msgs__rosidl_generator_cExport.cmake
[5.664s] -- Installing: /home/franco/Desktop/Robotica/2dopar/RvizRobot/install/micro_ros_msgs/share/micro_ros_msgs/cmake/export_micro_ros_msgs__rosidl_generator_cExport-noconfig.cmake
[5.665s] -- Installing: /home/franco/Desktop/Robotica/2dopar/RvizRobot/install/micro_ros_msgs/share/micro_ros_msgs/cmake/export_micro_ros_msgs__rosidl_typesupport_fastrtps_cExport.cmake
[5.665s] -- Installing: /home/franco/Desktop/Robotica/2dopar/RvizRobot/install/micro_ros_msgs/share/micro_ros_msgs/cmake/export_micro_ros_msgs__rosidl_typesupport_fastrtps_cExport-noconfig.cmake
[5.665s] -- Installing: /home/franco/Desktop/Robotica/2dopar/RvizRobot/install/micro_ros_msgs/share/micro_ros_msgs/cmake/micro_ros_msgs__rosidl_typesupport_introspection_cExport.cmake
[5.665s] -- Installing: /home/franco/Desktop/Robotica/2dopar/RvizRobot/install/micro_ros_msgs/share/micro_ros_msgs/cmake/micro_ros_msgs__rosidl_typesupport_introspection_cExport-noconfig.cmake
[5.665s] -- Installing: /home/franco/Desktop/Robotica/2dopar/RvizRobot/install/micro_ros_msgs/share/micro_ros_msgs/cmake/micro_ros_msgs__rosidl_typesupport_cExport.cmake
[5.665s] -- Installing: /home/franco/Desktop/Robotica/2dopar/RvizRobot/install/micro_ros_msgs/share/micro_ros_msgs/cmake/micro_ros_msgs__rosidl_typesupport_cExport-noconfig.cmake
[5.665s] -- Installing: /home/franco/Desktop/Robotica/2dopar/RvizRobot/install/micro_ros_msgs/share/micro_ros_msgs/cmake/export_micro_ros_msgs__rosidl_generator_cppExport.cmake
[5.665s] -- Installing: /home/franco/Desktop/Robotica/2dopar/RvizRobot/install/micro_ros_msgs/share/micro_ros_msgs/cmake/export_micro_ros_msgs__rosidl_typesupport_fastrtps_cppExport.cmake
[5.665s] -- Installing: /home/franco/Desktop/Robotica/2dopar/RvizRobot/install/micro_ros_msgs/share/micro_ros_msgs/cmake/export_micro_ros_msgs__rosidl_typesupport_fastrtps_cppExport-noconfig.cmake
[5.665s] -- Installing: /home/franco/Desktop/Robotica/2dopar/RvizRobot/install/micro_ros_msgs/share/micro_ros_msgs/cmake/micro_ros_msgs__rosidl_typesupport_introspection_cppExport.cmake
[5.665s] -- Installing: /home/franco/Desktop/Robotica/2dopar/RvizRobot/install/micro_ros_msgs/share/micro_ros_msgs/cmake/micro_ros_msgs__rosidl_typesupport_introspection_cppExport-noconfig.cmake
[5.666s] -- Installing: /home/franco/Desktop/Robotica/2dopar/RvizRobot/install/micro_ros_msgs/share/micro_ros_msgs/cmake/micro_ros_msgs__rosidl_typesupport_cppExport.cmake
[5.666s] -- Installing: /home/franco/Desktop/Robotica/2dopar/RvizRobot/install/micro_ros_msgs/share/micro_ros_msgs/cmake/micro_ros_msgs__rosidl_typesupport_cppExport-noconfig.cmake
[5.666s] -- Installing: /home/franco/Desktop/Robotica/2dopar/RvizRobot/install/micro_ros_msgs/share/micro_ros_msgs/cmake/export_micro_ros_msgs__rosidl_generator_pyExport.cmake
[5.666s] -- Installing: /home/franco/Desktop/Robotica/2dopar/RvizRobot/install/micro_ros_msgs/share/micro_ros_msgs/cmake/export_micro_ros_msgs__rosidl_generator_pyExport-noconfig.cmake
[5.666s] -- Installing: /home/franco/Desktop/Robotica/2dopar/RvizRobot/install/micro_ros_msgs/share/micro_ros_msgs/cmake/rosidl_cmake-extras.cmake
[5.666s] -- Installing: /home/franco/Desktop/Robotica/2dopar/RvizRobot/install/micro_ros_msgs/share/micro_ros_msgs/cmake/ament_cmake_export_include_directories-extras.cmake
[5.666s] -- Installing: /home/franco/Desktop/Robotica/2dopar/RvizRobot/install/micro_ros_msgs/share/micro_ros_msgs/cmake/ament_cmake_export_libraries-extras.cmake
[5.666s] -- Installing: /home/franco/Desktop/Robotica/2dopar/RvizRobot/install/micro_ros_msgs/share/micro_ros_msgs/cmake/ament_cmake_export_targets-extras.cmake
[5.666s] -- Installing: /home/franco/Desktop/Robotica/2dopar/RvizRobot/install/micro_ros_msgs/share/micro_ros_msgs/cmake/rosidl_cmake_export_typesupport_targets-extras.cmake
[5.666s] -- Installing: /home/franco/Desktop/Robotica/2dopar/RvizRobot/install/micro_ros_msgs/share/micro_ros_msgs/cmake/ament_cmake_export_dependencies-extras.cmake
[5.666s] -- Installing: /home/franco/Desktop/Robotica/2dopar/RvizRobot/install/micro_ros_msgs/share/micro_ros_msgs/cmake/rosidl_cmake_export_typesupport_libraries-extras.cmake
[5.666s] -- Installing: /home/franco/Desktop/Robotica/2dopar/RvizRobot/install/micro_ros_msgs/share/micro_ros_msgs/cmake/micro_ros_msgsConfig.cmake
[5.666s] -- Installing: /home/franco/Desktop/Robotica/2dopar/RvizRobot/install/micro_ros_msgs/share/micro_ros_msgs/cmake/micro_ros_msgsConfig-version.cmake
[5.667s] -- Installing: /home/franco/Desktop/Robotica/2dopar/RvizRobot/install/micro_ros_msgs/share/micro_ros_msgs/package.xml
[5.669s] Invoked command in '/home/franco/Desktop/Robotica/2dopar/RvizRobot/build/micro_ros_msgs' returned '0': CMAKE_PREFIX_PATH=${CMAKE_PREFIX_PATH}:/home/franco/Desktop/Robotica/2dopar/RvizRobot/install/my_robot_viz:/opt/ros/jazzy DEBUGINFOD_URLS=https://debuginfod.ubuntu.com /usr/bin/cmake --install /home/franco/Desktop/Robotica/2dopar/RvizRobot/build/micro_ros_msgs
