running egg_info
creating ../build/my_robot_viz/my_robot_viz.egg-info
writing ../build/my_robot_viz/my_robot_viz.egg-info/PKG-INFO
writing dependency_links to ../build/my_robot_viz/my_robot_viz.egg-info/dependency_links.txt
writing entry points to ../build/my_robot_viz/my_robot_viz.egg-info/entry_points.txt
writing requirements to ../build/my_robot_viz/my_robot_viz.egg-info/requires.txt
writing top-level names to ../build/my_robot_viz/my_robot_viz.egg-info/top_level.txt
writing manifest file '../build/my_robot_viz/my_robot_viz.egg-info/SOURCES.txt'
reading manifest file '../build/my_robot_viz/my_robot_viz.egg-info/SOURCES.txt'
writing manifest file '../build/my_robot_viz/my_robot_viz.egg-info/SOURCES.txt'
running build
running build_py
creating /home/franco/Desktop/Robotica/2dopar/RvizRobot/build/my_robot_viz/build
creating /home/franco/Desktop/Robotica/2dopar/RvizRobot/build/my_robot_viz/build/lib
creating /home/franco/Desktop/Robotica/2dopar/RvizRobot/build/my_robot_viz/build/lib/my_robot_viz
copying my_robot_viz/__init__.py -> /home/franco/Desktop/Robotica/2dopar/RvizRobot/build/my_robot_viz/build/lib/my_robot_viz
running install
running install_lib
creating /home/franco/Desktop/Robotica/2dopar/RvizRobot/install/my_robot_viz/lib/python3.12/site-packages/my_robot_viz
copying /home/franco/Desktop/Robotica/2dopar/RvizRobot/build/my_robot_viz/build/lib/my_robot_viz/__init__.py -> /home/franco/Desktop/Robotica/2dopar/RvizRobot/install/my_robot_viz/lib/python3.12/site-packages/my_robot_viz
byte-compiling /home/franco/Desktop/Robotica/2dopar/RvizRobot/install/my_robot_viz/lib/python3.12/site-packages/my_robot_viz/__init__.py to __init__.cpython-312.pyc
running install_data
creating /home/franco/Desktop/Robotica/2dopar/RvizRobot/install/my_robot_viz/share/ament_index
creating /home/franco/Desktop/Robotica/2dopar/RvizRobot/install/my_robot_viz/share/ament_index/resource_index
creating /home/franco/Desktop/Robotica/2dopar/RvizRobot/install/my_robot_viz/share/ament_index/resource_index/packages
copying resource/my_robot_viz -> /home/franco/Desktop/Robotica/2dopar/RvizRobot/install/my_robot_viz/share/ament_index/resource_index/packages
copying package.xml -> /home/franco/Desktop/Robotica/2dopar/RvizRobot/install/my_robot_viz/share/my_robot_viz
creating /home/franco/Desktop/Robotica/2dopar/RvizRobot/install/my_robot_viz/share/my_robot_viz/launch
copying launch/visualize.launch.py -> /home/franco/Desktop/Robotica/2dopar/RvizRobot/install/my_robot_viz/share/my_robot_viz/launch
creating /home/franco/Desktop/Robotica/2dopar/RvizRobot/install/my_robot_viz/share/my_robot_viz/urdf
creating /home/franco/Desktop/Robotica/2dopar/RvizRobot/install/my_robot_viz/share/my_robot_viz/rviz
running install_egg_info
Copying ../build/my_robot_viz/my_robot_viz.egg-info to /home/franco/Desktop/Robotica/2dopar/RvizRobot/install/my_robot_viz/lib/python3.12/site-packages/my_robot_viz-0.0.0-py3.12.egg-info
running install_scripts
Installing imu_bridge_node script to /home/franco/Desktop/Robotica/2dopar/RvizRobot/install/my_robot_viz/lib/my_robot_viz
Installing odom_node script to /home/franco/Desktop/Robotica/2dopar/RvizRobot/install/my_robot_viz/lib/my_robot_viz
writing list of installed files to '/home/franco/Desktop/Robotica/2dopar/RvizRobot/build/my_robot_viz/install.log'
