[1.024s] Invoking command in '/home/franco/Desktop/Robotica/2dopar/RvizRobot/my_robot_viz': DEBUGINFOD_URLS=https://debuginfod.ubuntu.com PYTHONPATH=/home/franco/Desktop/Robotica/2dopar/RvizRobot/build/my_robot_viz/prefix_override:/usr/lib/python3/dist-packages/colcon_core/task/python/colcon_distutils_commands:/home/franco/Desktop/Robotica/2dopar/RvizRobot/install/my_robot_viz/lib/python3.12/site-packages:${PYTHONPATH} /usr/bin/python3 -W ignore:setup.py install is deprecated -W ignore:easy_install command is deprecated setup.py egg_info --egg-base ../build/my_robot_viz build --build-base /home/franco/Desktop/Robotica/2dopar/RvizRobot/build/my_robot_viz/build install --record /home/franco/Desktop/Robotica/2dopar/RvizRobot/build/my_robot_viz/install.log --single-version-externally-managed install_data
[1.316s] running egg_info
[1.316s] creating ../build/my_robot_viz/my_robot_viz.egg-info
[1.344s] writing ../build/my_robot_viz/my_robot_viz.egg-info/PKG-INFO
[1.344s] writing dependency_links to ../build/my_robot_viz/my_robot_viz.egg-info/dependency_links.txt
[1.345s] writing entry points to ../build/my_robot_viz/my_robot_viz.egg-info/entry_points.txt
[1.345s] writing requirements to ../build/my_robot_viz/my_robot_viz.egg-info/requires.txt
[1.345s] writing top-level names to ../build/my_robot_viz/my_robot_viz.egg-info/top_level.txt
[1.345s] writing manifest file '../build/my_robot_viz/my_robot_viz.egg-info/SOURCES.txt'
[1.394s] reading manifest file '../build/my_robot_viz/my_robot_viz.egg-info/SOURCES.txt'
[1.395s] writing manifest file '../build/my_robot_viz/my_robot_viz.egg-info/SOURCES.txt'
[1.395s] running build
[1.395s] running build_py
[1.395s] creating /home/franco/Desktop/Robotica/2dopar/RvizRobot/build/my_robot_viz/build
[1.395s] creating /home/franco/Desktop/Robotica/2dopar/RvizRobot/build/my_robot_viz/build/lib
[1.395s] creating /home/franco/Desktop/Robotica/2dopar/RvizRobot/build/my_robot_viz/build/lib/my_robot_viz
[1.395s] copying my_robot_viz/__init__.py -> /home/franco/Desktop/Robotica/2dopar/RvizRobot/build/my_robot_viz/build/lib/my_robot_viz
[1.395s] running install
[1.402s] running install_lib
[1.429s] creating /home/franco/Desktop/Robotica/2dopar/RvizRobot/install/my_robot_viz/lib/python3.12/site-packages/my_robot_viz
[1.430s] copying /home/franco/Desktop/Robotica/2dopar/RvizRobot/build/my_robot_viz/build/lib/my_robot_viz/__init__.py -> /home/franco/Desktop/Robotica/2dopar/RvizRobot/install/my_robot_viz/lib/python3.12/site-packages/my_robot_viz
[1.430s] byte-compiling /home/franco/Desktop/Robotica/2dopar/RvizRobot/install/my_robot_viz/lib/python3.12/site-packages/my_robot_viz/__init__.py to __init__.cpython-312.pyc
[1.430s] running install_data
[1.430s] creating /home/franco/Desktop/Robotica/2dopar/RvizRobot/install/my_robot_viz/share/ament_index
[1.430s] creating /home/franco/Desktop/Robotica/2dopar/RvizRobot/install/my_robot_viz/share/ament_index/resource_index
[1.430s] creating /home/franco/Desktop/Robotica/2dopar/RvizRobot/install/my_robot_viz/share/ament_index/resource_index/packages
[1.430s] copying resource/my_robot_viz -> /home/franco/Desktop/Robotica/2dopar/RvizRobot/install/my_robot_viz/share/ament_index/resource_index/packages
[1.430s] copying package.xml -> /home/franco/Desktop/Robotica/2dopar/RvizRobot/install/my_robot_viz/share/my_robot_viz
[1.430s] creating /home/franco/Desktop/Robotica/2dopar/RvizRobot/install/my_robot_viz/share/my_robot_viz/launch
[1.430s] copying launch/visualize.launch.py -> /home/franco/Desktop/Robotica/2dopar/RvizRobot/install/my_robot_viz/share/my_robot_viz/launch
[1.431s] creating /home/franco/Desktop/Robotica/2dopar/RvizRobot/install/my_robot_viz/share/my_robot_viz/urdf
[1.431s] creating /home/franco/Desktop/Robotica/2dopar/RvizRobot/install/my_robot_viz/share/my_robot_viz/rviz
[1.431s] running install_egg_info
[1.454s] Copying ../build/my_robot_viz/my_robot_viz.egg-info to /home/franco/Desktop/Robotica/2dopar/RvizRobot/install/my_robot_viz/lib/python3.12/site-packages/my_robot_viz-0.0.0-py3.12.egg-info
[1.455s] running install_scripts
[1.592s] Installing imu_bridge_node script to /home/franco/Desktop/Robotica/2dopar/RvizRobot/install/my_robot_viz/lib/my_robot_viz
[1.592s] Installing odom_node script to /home/franco/Desktop/Robotica/2dopar/RvizRobot/install/my_robot_viz/lib/my_robot_viz
[1.592s] writing list of installed files to '/home/franco/Desktop/Robotica/2dopar/RvizRobot/build/my_robot_viz/install.log'
[1.614s] Invoked command in '/home/franco/Desktop/Robotica/2dopar/RvizRobot/my_robot_viz' returned '0': DEBUGINFOD_URLS=https://debuginfod.ubuntu.com PYTHONPATH=/home/franco/Desktop/Robotica/2dopar/RvizRobot/build/my_robot_viz/prefix_override:/usr/lib/python3/dist-packages/colcon_core/task/python/colcon_distutils_commands:/home/franco/Desktop/Robotica/2dopar/RvizRobot/install/my_robot_viz/lib/python3.12/site-packages:${PYTHONPATH} /usr/bin/python3 -W ignore:setup.py install is deprecated -W ignore:easy_install command is deprecated setup.py egg_info --egg-base ../build/my_robot_viz build --build-base /home/franco/Desktop/Robotica/2dopar/RvizRobot/build/my_robot_viz/build install --record /home/franco/Desktop/Robotica/2dopar/RvizRobot/build/my_robot_viz/install.log --single-version-externally-managed install_data
