[0.707s] Invoking command in '/home/franco/Desktop/Robotica/2dopar/RvizRobot/my_robot_viz': DEBUGINFOD_URLS=https://debuginfod.ubuntu.com PYTHONPATH=/home/franco/Desktop/Robotica/2dopar/RvizRobot/build/my_robot_viz/prefix_override:/usr/lib/python3/dist-packages/colcon_core/task/python/colcon_distutils_commands:/home/franco/Desktop/Robotica/2dopar/RvizRobot/install/my_robot_viz/lib/python3.12/site-packages:${PYTHONPATH} /usr/bin/python3 -W ignore:setup.py install is deprecated -W ignore:easy_install command is deprecated setup.py egg_info --egg-base ../build/my_robot_viz build --build-base /home/franco/Desktop/Robotica/2dopar/RvizRobot/build/my_robot_viz/build install --record /home/franco/Desktop/Robotica/2dopar/RvizRobot/build/my_robot_viz/install.log --single-version-externally-managed install_data
[0.930s] running egg_info
[0.949s] writing ../build/my_robot_viz/my_robot_viz.egg-info/PKG-INFO
[0.949s] writing dependency_links to ../build/my_robot_viz/my_robot_viz.egg-info/dependency_links.txt
[0.949s] writing entry points to ../build/my_robot_viz/my_robot_viz.egg-info/entry_points.txt
[0.949s] writing requirements to ../build/my_robot_viz/my_robot_viz.egg-info/requires.txt
[0.949s] writing top-level names to ../build/my_robot_viz/my_robot_viz.egg-info/top_level.txt
[0.991s] reading manifest file '../build/my_robot_viz/my_robot_viz.egg-info/SOURCES.txt'
[0.992s] writing manifest file '../build/my_robot_viz/my_robot_viz.egg-info/SOURCES.txt'
[0.992s] running build
[0.992s] running build_py
[0.992s] copying my_robot_viz/odom_node.py -> /home/franco/Desktop/Robotica/2dopar/RvizRobot/build/my_robot_viz/build/lib/my_robot_viz
[0.992s] running install
[0.997s] running install_lib
[1.018s] copying /home/franco/Desktop/Robotica/2dopar/RvizRobot/build/my_robot_viz/build/lib/my_robot_viz/odom_node.py -> /home/franco/Desktop/Robotica/2dopar/RvizRobot/install/my_robot_viz/lib/python3.12/site-packages/my_robot_viz
[1.019s] byte-compiling /home/franco/Desktop/Robotica/2dopar/RvizRobot/install/my_robot_viz/lib/python3.12/site-packages/my_robot_viz/odom_node.py to odom_node.cpython-312.pyc
[1.020s] running install_data
[1.020s] copying launch/visualize.launch.py -> /home/franco/Desktop/Robotica/2dopar/RvizRobot/install/my_robot_viz/share/my_robot_viz/launch
[1.020s] running install_egg_info
[1.042s] removing '/home/franco/Desktop/Robotica/2dopar/RvizRobot/install/my_robot_viz/lib/python3.12/site-packages/my_robot_viz-0.0.0-py3.12.egg-info' (and everything under it)
[1.042s] Copying ../build/my_robot_viz/my_robot_viz.egg-info to /home/franco/Desktop/Robotica/2dopar/RvizRobot/install/my_robot_viz/lib/python3.12/site-packages/my_robot_viz-0.0.0-py3.12.egg-info
[1.042s] running install_scripts
[1.173s] Installing imu_bridge_node script to /home/franco/Desktop/Robotica/2dopar/RvizRobot/install/my_robot_viz/lib/my_robot_viz
[1.173s] Installing odom_node script to /home/franco/Desktop/Robotica/2dopar/RvizRobot/install/my_robot_viz/lib/my_robot_viz
[1.173s] writing list of installed files to '/home/franco/Desktop/Robotica/2dopar/RvizRobot/build/my_robot_viz/install.log'
[1.192s] Invoked command in '/home/franco/Desktop/Robotica/2dopar/RvizRobot/my_robot_viz' returned '0': DEBUGINFOD_URLS=https://debuginfod.ubuntu.com PYTHONPATH=/home/franco/Desktop/Robotica/2dopar/RvizRobot/build/my_robot_viz/prefix_override:/usr/lib/python3/dist-packages/colcon_core/task/python/colcon_distutils_commands:/home/franco/Desktop/Robotica/2dopar/RvizRobot/install/my_robot_viz/lib/python3.12/site-packages:${PYTHONPATH} /usr/bin/python3 -W ignore:setup.py install is deprecated -W ignore:easy_install command is deprecated setup.py egg_info --egg-base ../build/my_robot_viz build --build-base /home/franco/Desktop/Robotica/2dopar/RvizRobot/build/my_robot_viz/build install --record /home/franco/Desktop/Robotica/2dopar/RvizRobot/build/my_robot_viz/install.log --single-version-externally-managed install_data
