[0.014s] Invoking command in '/home/franco/Desktop/Robotica/2dopar/RvizRobot/build/micro_ros_setup': CMAKE_PREFIX_PATH=${CMAKE_PREFIX_PATH}:/home/franco/Desktop/Robotica/2dopar/RvizRobot/install/my_robot_viz:/opt/ros/jazzy DEBUGINFOD_URLS=https://debuginfod.ubuntu.com /usr/bin/cmake /home/franco/Desktop/Robotica/2dopar/RvizRobot/src/micro_ros_setup -DCMAKE_INSTALL_PREFIX=/home/franco/Desktop/Robotica/2dopar/RvizRobot/install/micro_ros_setup
[0.163s] -- The C compiler identification is GNU 13.3.0
[0.286s] -- The CXX compiler identification is GNU 13.3.0
[0.323s] -- Detecting C compiler ABI info
[0.474s] -- Detecting C compiler ABI info - done
[0.482s] -- Check for working C compiler: /usr/bin/cc - skipped
[0.482s] -- Detecting C compile features
[0.483s] -- Detecting C compile features - done
[0.493s] -- Detecting CXX compiler ABI info
[0.589s] -- Detecting CXX compiler ABI info - done
[0.597s] -- Check for working CXX compiler: /usr/bin/c++ - skipped
[0.597s] -- Detecting CXX compile features
[0.598s] -- Detecting CXX compile features - done
[0.624s] -- Found ament_cmake: 2.5.6 (/opt/ros/jazzy/share/ament_cmake/cmake)
[0.789s] -- Found Python3: /usr/bin/python3 (found version "3.12.3") found components: Interpreter 
[0.980s] -- Found ament_lint_auto: 0.17.5 (/opt/ros/jazzy/share/ament_lint_auto/cmake)
[1.077s] -- Configuring done (1.0s)
[1.080s] -- Generating done (0.0s)
[1.081s] -- Build files have been written to: /home/franco/Desktop/Robotica/2dopar/RvizRobot/build/micro_ros_setup
[1.089s] Invoked command in '/home/franco/Desktop/Robotica/2dopar/RvizRobot/build/micro_ros_setup' returned '0': CMAKE_PREFIX_PATH=${CMAKE_PREFIX_PATH}:/home/franco/Desktop/Robotica/2dopar/RvizRobot/install/my_robot_viz:/opt/ros/jazzy DEBUGINFOD_URLS=https://debuginfod.ubuntu.com /usr/bin/cmake /home/franco/Desktop/Robotica/2dopar/RvizRobot/src/micro_ros_setup -DCMAKE_INSTALL_PREFIX=/home/franco/Desktop/Robotica/2dopar/RvizRobot/install/micro_ros_setup
[1.090s] Invoking command in '/home/franco/Desktop/Robotica/2dopar/RvizRobot/build/micro_ros_setup': CMAKE_PREFIX_PATH=${CMAKE_PREFIX_PATH}:/home/franco/Desktop/Robotica/2dopar/RvizRobot/install/my_robot_viz:/opt/ros/jazzy DEBUGINFOD_URLS=https://debuginfod.ubuntu.com /usr/bin/cmake --build /home/franco/Desktop/Robotica/2dopar/RvizRobot/build/micro_ros_setup -- -j16 -l16
[1.130s] Invoked command in '/home/franco/Desktop/Robotica/2dopar/RvizRobot/build/micro_ros_setup' returned '0': CMAKE_PREFIX_PATH=${CMAKE_PREFIX_PATH}:/home/franco/Desktop/Robotica/2dopar/RvizRobot/install/my_robot_viz:/opt/ros/jazzy DEBUGINFOD_URLS=https://debuginfod.ubuntu.com /usr/bin/cmake --build /home/franco/Desktop/Robotica/2dopar/RvizRobot/build/micro_ros_setup -- -j16 -l16
[1.140s] Invoking command in '/home/franco/Desktop/Robotica/2dopar/RvizRobot/build/micro_ros_setup': CMAKE_PREFIX_PATH=${CMAKE_PREFIX_PATH}:/home/franco/Desktop/Robotica/2dopar/RvizRobot/install/my_robot_viz:/opt/ros/jazzy DEBUGINFOD_URLS=https://debuginfod.ubuntu.com /usr/bin/cmake --install /home/franco/Desktop/Robotica/2dopar/RvizRobot/build/micro_ros_setup
[1.146s] -- Install configuration: ""
[1.146s] -- Installing: /home/franco/Desktop/Robotica/2dopar/RvizRobot/install/micro_ros_setup/share/ament_index/resource_index/package_run_dependencies/micro_ros_setup
[1.146s] -- Installing: /home/franco/Desktop/Robotica/2dopar/RvizRobot/install/micro_ros_setup/share/ament_index/resource_index/parent_prefix_path/micro_ros_setup
[1.146s] -- Installing: /home/franco/Desktop/Robotica/2dopar/RvizRobot/install/micro_ros_setup/share/micro_ros_setup/environment/ament_prefix_path.sh
[1.147s] -- Installing: /home/franco/Desktop/Robotica/2dopar/RvizRobot/install/micro_ros_setup/share/micro_ros_setup/environment/ament_prefix_path.dsv
[1.147s] -- Installing: /home/franco/Desktop/Robotica/2dopar/RvizRobot/install/micro_ros_setup/share/micro_ros_setup/environment/path.sh
[1.147s] -- Installing: /home/franco/Desktop/Robotica/2dopar/RvizRobot/install/micro_ros_setup/share/micro_ros_setup/environment/path.dsv
[1.147s] -- Installing: /home/franco/Desktop/Robotica/2dopar/RvizRobot/install/micro_ros_setup/share/micro_ros_setup/local_setup.bash
[1.147s] -- Installing: /home/franco/Desktop/Robotica/2dopar/RvizRobot/install/micro_ros_setup/share/micro_ros_setup/local_setup.sh
[1.147s] -- Installing: /home/franco/Desktop/Robotica/2dopar/RvizRobot/install/micro_ros_setup/share/micro_ros_setup/local_setup.zsh
[1.147s] -- Installing: /home/franco/Desktop/Robotica/2dopar/RvizRobot/install/micro_ros_setup/share/micro_ros_setup/local_setup.dsv
[1.147s] -- Installing: /home/franco/Desktop/Robotica/2dopar/RvizRobot/install/micro_ros_setup/share/micro_ros_setup/package.dsv
[1.147s] -- Installing: /home/franco/Desktop/Robotica/2dopar/RvizRobot/install/micro_ros_setup/share/ament_index/resource_index/packages/micro_ros_setup
[1.148s] -- Installing: /home/franco/Desktop/Robotica/2dopar/RvizRobot/install/micro_ros_setup/share/micro_ros_setup/cmake/micro_ros_setupConfig.cmake
[1.148s] -- Installing: /home/franco/Desktop/Robotica/2dopar/RvizRobot/install/micro_ros_setup/share/micro_ros_setup/cmake/micro_ros_setupConfig-version.cmake
[1.148s] -- Installing: /home/franco/Desktop/Robotica/2dopar/RvizRobot/install/micro_ros_setup/share/micro_ros_setup/package.xml
[1.148s] -- Installing: /home/franco/Desktop/Robotica/2dopar/RvizRobot/install/micro_ros_setup/./config
[1.148s] -- Installing: /home/franco/Desktop/Robotica/2dopar/RvizRobot/install/micro_ros_setup/./config/host
[1.148s] -- Installing: /home/franco/Desktop/Robotica/2dopar/RvizRobot/install/micro_ros_setup/./config/host/dev_uros_packages.repos
[1.148s] -- Installing: /home/franco/Desktop/Robotica/2dopar/RvizRobot/install/micro_ros_setup/./config/host/generic
[1.148s] -- Installing: /home/franco/Desktop/Robotica/2dopar/RvizRobot/install/micro_ros_setup/./config/host/generic/build.sh
[1.149s] -- Installing: /home/franco/Desktop/Robotica/2dopar/RvizRobot/install/micro_ros_setup/./config/host/generic/create.sh
[1.149s] -- Installing: /home/franco/Desktop/Robotica/2dopar/RvizRobot/install/micro_ros_setup/./config/host/generic/client-host-colcon.meta
[1.149s] -- Installing: /home/franco/Desktop/Robotica/2dopar/RvizRobot/install/micro_ros_setup/./config/host/generic/client_host_packages.repos
[1.149s] -- Installing: /home/franco/Desktop/Robotica/2dopar/RvizRobot/install/micro_ros_setup/./config/host/generic/package.xml
[1.149s] -- Installing: /home/franco/Desktop/Robotica/2dopar/RvizRobot/install/micro_ros_setup/./config/host/generic/flash.sh
[1.149s] -- Installing: /home/franco/Desktop/Robotica/2dopar/RvizRobot/install/micro_ros_setup/./config/host/dev_ros2_packages.txt
[1.149s] -- Installing: /home/franco/Desktop/Robotica/2dopar/RvizRobot/install/micro_ros_setup/./config/host/client_ros2_packages.txt
[1.149s] -- Installing: /home/franco/Desktop/Robotica/2dopar/RvizRobot/install/micro_ros_setup/./config/freertos
[1.149s] -- Installing: /home/franco/Desktop/Robotica/2dopar/RvizRobot/install/micro_ros_setup/./config/freertos/list_apps.sh
[1.149s] -- Installing: /home/franco/Desktop/Robotica/2dopar/RvizRobot/install/micro_ros_setup/./config/freertos/dev_uros_packages.repos
[1.150s] -- Installing: /home/franco/Desktop/Robotica/2dopar/RvizRobot/install/micro_ros_setup/./config/freertos/nucleo_f446re
[1.150s] -- Installing: /home/franco/Desktop/Robotica/2dopar/RvizRobot/install/micro_ros_setup/./config/freertos/nucleo_f446re/build.sh
[1.150s] -- Installing: /home/franco/Desktop/Robotica/2dopar/RvizRobot/install/micro_ros_setup/./config/freertos/nucleo_f446re/client-colcon.meta
[1.150s] -- Installing: /home/franco/Desktop/Robotica/2dopar/RvizRobot/install/micro_ros_setup/./config/freertos/nucleo_f446re/board.repos
[1.150s] -- Installing: /home/franco/Desktop/Robotica/2dopar/RvizRobot/install/micro_ros_setup/./config/freertos/nucleo_f446re/configure.sh
[1.150s] -- Installing: /home/franco/Desktop/Robotica/2dopar/RvizRobot/install/micro_ros_setup/./config/freertos/nucleo_f446re/create.sh
[1.150s] -- Installing: /home/franco/Desktop/Robotica/2dopar/RvizRobot/install/micro_ros_setup/./config/freertos/nucleo_f446re/client_uros_packages.repos
[1.150s] -- Installing: /home/franco/Desktop/Robotica/2dopar/RvizRobot/install/micro_ros_setup/./config/freertos/nucleo_f446re/package.xml
[1.151s] -- Installing: /home/franco/Desktop/Robotica/2dopar/RvizRobot/install/micro_ros_setup/./config/freertos/nucleo_f446re/flash.sh
[1.151s] -- Installing: /home/franco/Desktop/Robotica/2dopar/RvizRobot/install/micro_ros_setup/./config/freertos/esp32
[1.151s] -- Installing: /home/franco/Desktop/Robotica/2dopar/RvizRobot/install/micro_ros_setup/./config/freertos/esp32/build.sh
[1.151s] -- Installing: /home/franco/Desktop/Robotica/2dopar/RvizRobot/install/micro_ros_setup/./config/freertos/esp32/client-colcon.meta
[1.151s] -- Installing: /home/franco/Desktop/Robotica/2dopar/RvizRobot/install/micro_ros_setup/./config/freertos/esp32/board.repos
[1.151s] -- Installing: /home/franco/Desktop/Robotica/2dopar/RvizRobot/install/micro_ros_setup/./config/freertos/esp32/configure.sh
[1.151s] -- Installing: /home/franco/Desktop/Robotica/2dopar/RvizRobot/install/micro_ros_setup/./config/freertos/esp32/create.sh
[1.151s] -- Installing: /home/franco/Desktop/Robotica/2dopar/RvizRobot/install/micro_ros_setup/./config/freertos/esp32/client_uros_packages.repos
[1.152s] -- Installing: /home/franco/Desktop/Robotica/2dopar/RvizRobot/install/micro_ros_setup/./config/freertos/esp32/package.xml
[1.152s] -- Installing: /home/franco/Desktop/Robotica/2dopar/RvizRobot/install/micro_ros_setup/./config/freertos/esp32/flash.sh
[1.152s] -- Installing: /home/franco/Desktop/Robotica/2dopar/RvizRobot/install/micro_ros_setup/./config/freertos/esp32/README.md
[1.152s] -- Installing: /home/franco/Desktop/Robotica/2dopar/RvizRobot/install/micro_ros_setup/./config/freertos/nucleo_f767zi
[1.152s] -- Installing: /home/franco/Desktop/Robotica/2dopar/RvizRobot/install/micro_ros_setup/./config/freertos/nucleo_f767zi/build.sh
[1.152s] -- Installing: /home/franco/Desktop/Robotica/2dopar/RvizRobot/install/micro_ros_setup/./config/freertos/nucleo_f767zi/client-colcon.meta
[1.152s] -- Installing: /home/franco/Desktop/Robotica/2dopar/RvizRobot/install/micro_ros_setup/./config/freertos/nucleo_f767zi/board.repos
[1.152s] -- Installing: /home/franco/Desktop/Robotica/2dopar/RvizRobot/install/micro_ros_setup/./config/freertos/nucleo_f767zi/configure.sh
[1.153s] -- Installing: /home/franco/Desktop/Robotica/2dopar/RvizRobot/install/micro_ros_setup/./config/freertos/nucleo_f767zi/create.sh
[1.153s] -- Installing: /home/franco/Desktop/Robotica/2dopar/RvizRobot/install/micro_ros_setup/./config/freertos/nucleo_f767zi/client_uros_packages.repos
[1.153s] -- Installing: /home/franco/Desktop/Robotica/2dopar/RvizRobot/install/micro_ros_setup/./config/freertos/nucleo_f767zi/package.xml
[1.153s] -- Installing: /home/franco/Desktop/Robotica/2dopar/RvizRobot/install/micro_ros_setup/./config/freertos/nucleo_f767zi/flash.sh
[1.153s] -- Installing: /home/franco/Desktop/Robotica/2dopar/RvizRobot/install/micro_ros_setup/./config/freertos/dev_ros2_packages.txt
[1.153s] -- Installing: /home/franco/Desktop/Robotica/2dopar/RvizRobot/install/micro_ros_setup/./config/freertos/nucleo_f746zg
[1.153s] -- Installing: /home/franco/Desktop/Robotica/2dopar/RvizRobot/install/micro_ros_setup/./config/freertos/nucleo_f746zg/build.sh
[1.153s] -- Installing: /home/franco/Desktop/Robotica/2dopar/RvizRobot/install/micro_ros_setup/./config/freertos/nucleo_f746zg/client-colcon.meta
[1.153s] -- Installing: /home/franco/Desktop/Robotica/2dopar/RvizRobot/install/micro_ros_setup/./config/freertos/nucleo_f746zg/board.repos
[1.153s] -- Installing: /home/franco/Desktop/Robotica/2dopar/RvizRobot/install/micro_ros_setup/./config/freertos/nucleo_f746zg/configure.sh
[1.153s] -- Installing: /home/franco/Desktop/Robotica/2dopar/RvizRobot/install/micro_ros_setup/./config/freertos/nucleo_f746zg/create.sh
[1.153s] -- Installing: /home/franco/Desktop/Robotica/2dopar/RvizRobot/install/micro_ros_setup/./config/freertos/nucleo_f746zg/client_uros_packages.repos
[1.153s] -- Installing: /home/franco/Desktop/Robotica/2dopar/RvizRobot/install/micro_ros_setup/./config/freertos/nucleo_f746zg/package.xml
[1.154s] -- Installing: /home/franco/Desktop/Robotica/2dopar/RvizRobot/install/micro_ros_setup/./config/freertos/nucleo_f746zg/flash.sh
[1.154s] -- Installing: /home/franco/Desktop/Robotica/2dopar/RvizRobot/install/micro_ros_setup/./config/freertos/crazyflie21
[1.154s] -- Installing: /home/franco/Desktop/Robotica/2dopar/RvizRobot/install/micro_ros_setup/./config/freertos/crazyflie21/build.sh
[1.154s] -- Installing: /home/franco/Desktop/Robotica/2dopar/RvizRobot/install/micro_ros_setup/./config/freertos/crazyflie21/client-colcon.meta
[1.154s] -- Installing: /home/franco/Desktop/Robotica/2dopar/RvizRobot/install/micro_ros_setup/./config/freertos/crazyflie21/board.repos
[1.154s] -- Installing: /home/franco/Desktop/Robotica/2dopar/RvizRobot/install/micro_ros_setup/./config/freertos/crazyflie21/configure.sh
[1.154s] -- Installing: /home/franco/Desktop/Robotica/2dopar/RvizRobot/install/micro_ros_setup/./config/freertos/crazyflie21/create.sh
[1.154s] -- Installing: /home/franco/Desktop/Robotica/2dopar/RvizRobot/install/micro_ros_setup/./config/freertos/crazyflie21/client_uros_packages.repos
[1.154s] -- Installing: /home/franco/Desktop/Robotica/2dopar/RvizRobot/install/micro_ros_setup/./config/freertos/crazyflie21/package.xml
[1.154s] -- Installing: /home/franco/Desktop/Robotica/2dopar/RvizRobot/install/micro_ros_setup/./config/freertos/crazyflie21/flash.sh
[1.154s] -- Installing: /home/franco/Desktop/Robotica/2dopar/RvizRobot/install/micro_ros_setup/./config/freertos/nucleo_f446ze
[1.154s] -- Installing: /home/franco/Desktop/Robotica/2dopar/RvizRobot/install/micro_ros_setup/./config/freertos/nucleo_f446ze/build.sh
[1.154s] -- Installing: /home/franco/Desktop/Robotica/2dopar/RvizRobot/install/micro_ros_setup/./config/freertos/nucleo_f446ze/client-colcon.meta
[1.154s] -- Installing: /home/franco/Desktop/Robotica/2dopar/RvizRobot/install/micro_ros_setup/./config/freertos/nucleo_f446ze/board.repos
[1.154s] -- Installing: /home/franco/Desktop/Robotica/2dopar/RvizRobot/install/micro_ros_setup/./config/freertos/nucleo_f446ze/configure.sh
[1.154s] -- Installing: /home/franco/Desktop/Robotica/2dopar/RvizRobot/install/micro_ros_setup/./config/freertos/nucleo_f446ze/create.sh
[1.155s] -- Installing: /home/franco/Desktop/Robotica/2dopar/RvizRobot/install/micro_ros_setup/./config/freertos/nucleo_f446ze/client_uros_packages.repos
[1.155s] -- Installing: /home/franco/Desktop/Robotica/2dopar/RvizRobot/install/micro_ros_setup/./config/freertos/nucleo_f446ze/package.xml
[1.155s] -- Installing: /home/franco/Desktop/Robotica/2dopar/RvizRobot/install/micro_ros_setup/./config/freertos/nucleo_f446ze/flash.sh
[1.155s] -- Installing: /home/franco/Desktop/Robotica/2dopar/RvizRobot/install/micro_ros_setup/./config/freertos/olimex-stm32-e407
[1.155s] -- Installing: /home/franco/Desktop/Robotica/2dopar/RvizRobot/install/micro_ros_setup/./config/freertos/olimex-stm32-e407/build.sh
[1.155s] -- Installing: /home/franco/Desktop/Robotica/2dopar/RvizRobot/install/micro_ros_setup/./config/freertos/olimex-stm32-e407/client-colcon.meta
[1.155s] -- Installing: /home/franco/Desktop/Robotica/2dopar/RvizRobot/install/micro_ros_setup/./config/freertos/olimex-stm32-e407/board.repos
[1.155s] -- Installing: /home/franco/Desktop/Robotica/2dopar/RvizRobot/install/micro_ros_setup/./config/freertos/olimex-stm32-e407/configure.sh
[1.155s] -- Installing: /home/franco/Desktop/Robotica/2dopar/RvizRobot/install/micro_ros_setup/./config/freertos/olimex-stm32-e407/create.sh
[1.155s] -- Installing: /home/franco/Desktop/Robotica/2dopar/RvizRobot/install/micro_ros_setup/./config/freertos/olimex-stm32-e407/client_uros_packages.repos
[1.155s] -- Installing: /home/franco/Desktop/Robotica/2dopar/RvizRobot/install/micro_ros_setup/./config/freertos/olimex-stm32-e407/package.xml
[1.155s] -- Installing: /home/franco/Desktop/Robotica/2dopar/RvizRobot/install/micro_ros_setup/./config/freertos/olimex-stm32-e407/flash.sh
[1.155s] -- Installing: /home/franco/Desktop/Robotica/2dopar/RvizRobot/install/micro_ros_setup/./config/utils.sh
[1.155s] -- Installing: /home/franco/Desktop/Robotica/2dopar/RvizRobot/install/micro_ros_setup/./config/client_uros_packages.repos
[1.156s] -- Installing: /home/franco/Desktop/Robotica/2dopar/RvizRobot/install/micro_ros_setup/./config/agent_ros2_packages.txt
[1.156s] -- Installing: /home/franco/Desktop/Robotica/2dopar/RvizRobot/install/micro_ros_setup/./config/android
[1.156s] -- Installing: /home/franco/Desktop/Robotica/2dopar/RvizRobot/install/micro_ros_setup/./config/android/dev_uros_packages.repos
[1.156s] -- Installing: /home/franco/Desktop/Robotica/2dopar/RvizRobot/install/micro_ros_setup/./config/android/generic
[1.156s] -- Installing: /home/franco/Desktop/Robotica/2dopar/RvizRobot/install/micro_ros_setup/./config/android/generic/build.sh
[1.156s] -- Installing: /home/franco/Desktop/Robotica/2dopar/RvizRobot/install/micro_ros_setup/./config/android/generic/client-colcon.meta
[1.156s] -- Installing: /home/franco/Desktop/Robotica/2dopar/RvizRobot/install/micro_ros_setup/./config/android/generic/create.sh
[1.156s] -- Installing: /home/franco/Desktop/Robotica/2dopar/RvizRobot/install/micro_ros_setup/./config/android/generic/client_uros_packages.repos
[1.156s] -- Installing: /home/franco/Desktop/Robotica/2dopar/RvizRobot/install/micro_ros_setup/./config/android/generic/package.xml
[1.156s] -- Installing: /home/franco/Desktop/Robotica/2dopar/RvizRobot/install/micro_ros_setup/./config/android/generic/flash.sh
[1.156s] -- Installing: /home/franco/Desktop/Robotica/2dopar/RvizRobot/install/micro_ros_setup/./config/android/dev_ros2_packages.txt
[1.156s] -- Installing: /home/franco/Desktop/Robotica/2dopar/RvizRobot/install/micro_ros_setup/./config/raspbian
[1.156s] -- Installing: /home/franco/Desktop/Robotica/2dopar/RvizRobot/install/micro_ros_setup/./config/raspbian/dev_uros_packages.repos
[1.157s] -- Installing: /home/franco/Desktop/Robotica/2dopar/RvizRobot/install/micro_ros_setup/./config/raspbian/generic
[1.157s] -- Installing: /home/franco/Desktop/Robotica/2dopar/RvizRobot/install/micro_ros_setup/./config/raspbian/generic/supported_platforms
[1.157s] -- Installing: /home/franco/Desktop/Robotica/2dopar/RvizRobot/install/micro_ros_setup/./config/raspbian/generic/build.sh
[1.157s] -- Installing: /home/franco/Desktop/Robotica/2dopar/RvizRobot/install/micro_ros_setup/./config/raspbian/generic/client-colcon.meta
[1.157s] -- Installing: /home/franco/Desktop/Robotica/2dopar/RvizRobot/install/micro_ros_setup/./config/raspbian/generic/configure.sh
[1.157s] -- Installing: /home/franco/Desktop/Robotica/2dopar/RvizRobot/install/micro_ros_setup/./config/raspbian/generic/create.sh
[1.157s] -- Installing: /home/franco/Desktop/Robotica/2dopar/RvizRobot/install/micro_ros_setup/./config/raspbian/generic/client_uros_packages.repos
[1.157s] -- Installing: /home/franco/Desktop/Robotica/2dopar/RvizRobot/install/micro_ros_setup/./config/raspbian/generic/flash.sh
[1.157s] -- Installing: /home/franco/Desktop/Robotica/2dopar/RvizRobot/install/micro_ros_setup/./config/raspbian/dev_ros2_packages.txt
[1.157s] -- Installing: /home/franco/Desktop/Robotica/2dopar/RvizRobot/install/micro_ros_setup/./config/agent_uros_packages.repos
[1.157s] -- Installing: /home/franco/Desktop/Robotica/2dopar/RvizRobot/install/micro_ros_setup/./config/client_ros2_packages.txt
[1.158s] -- Installing: /home/franco/Desktop/Robotica/2dopar/RvizRobot/install/micro_ros_setup/./config/generate_lib
[1.158s] -- Installing: /home/franco/Desktop/Robotica/2dopar/RvizRobot/install/micro_ros_setup/./config/generate_lib/dev_uros_packages.repos
[1.158s] -- Installing: /home/franco/Desktop/Robotica/2dopar/RvizRobot/install/micro_ros_setup/./config/generate_lib/generic
[1.158s] -- Installing: /home/franco/Desktop/Robotica/2dopar/RvizRobot/install/micro_ros_setup/./config/generate_lib/generic/build.sh
[1.158s] -- Installing: /home/franco/Desktop/Robotica/2dopar/RvizRobot/install/micro_ros_setup/./config/generate_lib/generic/client-colcon.meta
[1.158s] -- Installing: /home/franco/Desktop/Robotica/2dopar/RvizRobot/install/micro_ros_setup/./config/generate_lib/generic/create.sh
[1.158s] -- Installing: /home/franco/Desktop/Robotica/2dopar/RvizRobot/install/micro_ros_setup/./config/generate_lib/generic/client_uros_packages.repos
[1.158s] -- Installing: /home/franco/Desktop/Robotica/2dopar/RvizRobot/install/micro_ros_setup/./config/generate_lib/generic/package.xml
[1.158s] -- Installing: /home/franco/Desktop/Robotica/2dopar/RvizRobot/install/micro_ros_setup/./config/generate_lib/generic/flash.sh
[1.158s] -- Installing: /home/franco/Desktop/Robotica/2dopar/RvizRobot/install/micro_ros_setup/./config/generate_lib/generic/demo_toolchain.cmake
[1.158s] -- Installing: /home/franco/Desktop/Robotica/2dopar/RvizRobot/install/micro_ros_setup/./config/generate_lib/dev_ros2_packages.txt
[1.158s] -- Installing: /home/franco/Desktop/Robotica/2dopar/RvizRobot/install/micro_ros_setup/./config/zephyr
[1.158s] -- Installing: /home/franco/Desktop/Robotica/2dopar/RvizRobot/install/micro_ros_setup/./config/zephyr/list_apps.sh
[1.159s] -- Installing: /home/franco/Desktop/Robotica/2dopar/RvizRobot/install/micro_ros_setup/./config/zephyr/dev_uros_packages.repos
[1.159s] -- Installing: /home/franco/Desktop/Robotica/2dopar/RvizRobot/install/micro_ros_setup/./config/zephyr/generic
[1.159s] -- Installing: /home/franco/Desktop/Robotica/2dopar/RvizRobot/install/micro_ros_setup/./config/zephyr/generic/supported_platforms
[1.159s] -- Installing: /home/franco/Desktop/Robotica/2dopar/RvizRobot/install/micro_ros_setup/./config/zephyr/generic/build.sh
[1.159s] -- Installing: /home/franco/Desktop/Robotica/2dopar/RvizRobot/install/micro_ros_setup/./config/zephyr/generic/client-colcon.meta
[1.159s] -- Installing: /home/franco/Desktop/Robotica/2dopar/RvizRobot/install/micro_ros_setup/./config/zephyr/generic/board.repos
[1.159s] -- Installing: /home/franco/Desktop/Robotica/2dopar/RvizRobot/install/micro_ros_setup/./config/zephyr/generic/configure.sh
[1.159s] -- Installing: /home/franco/Desktop/Robotica/2dopar/RvizRobot/install/micro_ros_setup/./config/zephyr/generic/create.sh
[1.159s] -- Installing: /home/franco/Desktop/Robotica/2dopar/RvizRobot/install/micro_ros_setup/./config/zephyr/generic/client_uros_packages.repos
[1.159s] -- Installing: /home/franco/Desktop/Robotica/2dopar/RvizRobot/install/micro_ros_setup/./config/zephyr/generic/package.xml
[1.159s] -- Installing: /home/franco/Desktop/Robotica/2dopar/RvizRobot/install/micro_ros_setup/./config/zephyr/generic/flash.sh
[1.159s] -- Installing: /home/franco/Desktop/Robotica/2dopar/RvizRobot/install/micro_ros_setup/./config/zephyr/dev_ros2_packages.txt
[1.159s] -- Installing: /home/franco/Desktop/Robotica/2dopar/RvizRobot/install/micro_ros_setup/lib/micro_ros_setup/create_ws.sh
[1.159s] -- Installing: /home/franco/Desktop/Robotica/2dopar/RvizRobot/install/micro_ros_setup/lib/micro_ros_setup/create_agent_ws.sh
[1.159s] -- Installing: /home/franco/Desktop/Robotica/2dopar/RvizRobot/install/micro_ros_setup/lib/micro_ros_setup/create_firmware_ws.sh
[1.160s] -- Installing: /home/franco/Desktop/Robotica/2dopar/RvizRobot/install/micro_ros_setup/lib/micro_ros_setup/configure_firmware.sh
[1.160s] -- Installing: /home/franco/Desktop/Robotica/2dopar/RvizRobot/install/micro_ros_setup/lib/micro_ros_setup/flash_firmware.sh
[1.160s] -- Installing: /home/franco/Desktop/Robotica/2dopar/RvizRobot/install/micro_ros_setup/lib/micro_ros_setup/build_firmware.sh
[1.160s] -- Installing: /home/franco/Desktop/Robotica/2dopar/RvizRobot/install/micro_ros_setup/lib/micro_ros_setup/build_agent.sh
[1.160s] -- Installing: /home/franco/Desktop/Robotica/2dopar/RvizRobot/install/micro_ros_setup/lib/micro_ros_setup/yaml_filter.py
[1.160s] -- Installing: /home/franco/Desktop/Robotica/2dopar/RvizRobot/install/micro_ros_setup/lib/micro_ros_setup/clean_env.sh
[1.160s] -- Installing: /home/franco/Desktop/Robotica/2dopar/RvizRobot/install/micro_ros_setup/lib/micro_ros_setup/component
[1.162s] Invoked command in '/home/franco/Desktop/Robotica/2dopar/RvizRobot/build/micro_ros_setup' returned '0': CMAKE_PREFIX_PATH=${CMAKE_PREFIX_PATH}:/home/franco/Desktop/Robotica/2dopar/RvizRobot/install/my_robot_viz:/opt/ros/jazzy DEBUGINFOD_URLS=https://debuginfod.ubuntu.com /usr/bin/cmake --install /home/franco/Desktop/Robotica/2dopar/RvizRobot/build/micro_ros_setup
