[0.000000] (-) TimerEvent: {}
[0.000830] (-) JobUnselected: {'identifier': 'drive_base_msgs'}
[0.001034] (-) JobUnselected: {'identifier': 'micro_ros_agent'}
[0.001252] (-) JobUnselected: {'identifier': 'micro_ros_msgs'}
[0.001275] (-) JobUnselected: {'identifier': 'micro_ros_setup'}
[0.001301] (my_robot_viz) JobQueued: {'identifier': 'my_robot_viz', 'dependencies': OrderedDict()}
[0.001326] (my_robot_viz) JobStarted: {'identifier': 'my_robot_viz'}
[0.099628] (-) TimerEvent: {}
[0.200100] (-) TimerEvent: {}
[0.300676] (-) TimerEvent: {}
[0.401117] (-) TimerEvent: {}
[0.501525] (-) TimerEvent: {}
[0.601958] (-) TimerEvent: {}
[0.702386] (-) TimerEvent: {}
[0.802739] (-) TimerEvent: {}
[0.903098] (-) TimerEvent: {}
[1.003492] (-) TimerEvent: {}
[1.103847] (-) TimerEvent: {}
[1.204373] (-) TimerEvent: {}
[1.304843] (-) TimerEvent: {}
[1.405269] (-) TimerEvent: {}
[1.505673] (-) TimerEvent: {}
[1.606083] (-) TimerEvent: {}
[1.706636] (-) TimerEvent: {}
[1.738941] (my_robot_viz) Command: {'cmd': ['/usr/bin/python3', '-W', 'ignore:setup.py install is deprecated', '-W', 'ignore:easy_install command is deprecated', 'setup.py', 'develop', '--uninstall', '--editable', '--build-directory', '/home/samuel/Roboticaclase/RvizRobot/build/my_robot_viz/build'], 'cwd': '/home/samuel/Roboticaclase/RvizRobot/build/my_robot_viz', 'env': {'GJS_DEBUG_TOPICS': 'JS ERROR;JS LOG', 'LESSOPEN': '| /usr/bin/lesspipe %s', 'VSCODE_CWD': '/home/samuel', 'GZ_SIM_RESOURCE_PATH': '/opt/ros/jazzy/share', 'USER': 'samuel', 'LC_TIME': 'es_BO.UTF-8', 'VSCODE_NLS_CONFIG': '{"userLocale":"en-us","osLocale":"en-us","resolvedLanguage":"en","defaultMessagesFile":"/usr/share/antigravity/resources/app/out/nls.messages.json","locale":"en-us","availableLanguages":{}}', 'GZ_CONFIG_PATH': '/opt/ros/jazzy/opt/gz_sim_vendor/share/gz:/opt/ros/jazzy/opt/sdformat_vendor/share/gz:/opt/ros/jazzy/opt/gz_gui_vendor/share/gz:/opt/ros/jazzy/opt/gz_transport_vendor/share/gz:/opt/ros/jazzy/opt/gz_rendering_vendor/share/gz:/opt/ros/jazzy/opt/gz_plugin_vendor/share/gz:/opt/ros/jazzy/opt/gz_fuel_tools_vendor/share/gz:/opt/ros/jazzy/opt/gz_msgs_vendor/share/gz:/opt/ros/jazzy/opt/gz_common_vendor/share/gz', 'XDG_SESSION_TYPE': 'x11', 'CLUTTER_DISABLE_MIPMAPPED_TEXT': '1', 'SHLVL': '1', 'LD_LIBRARY_PATH': '/opt/ros/jazzy/opt/gz_sim_vendor/lib:/opt/ros/jazzy/opt/gz_sensors_vendor/lib:/opt/ros/jazzy/opt/gz_physics_vendor/lib:/opt/ros/jazzy/opt/sdformat_vendor/lib:/opt/ros/jazzy/opt/rviz_ogre_vendor/lib:/opt/ros/jazzy/lib/x86_64-linux-gnu:/opt/ros/jazzy/opt/gz_gui_vendor/lib:/opt/ros/jazzy/opt/gz_transport_vendor/lib:/opt/ros/jazzy/opt/gz_rendering_vendor/lib:/opt/ros/jazzy/opt/gz_plugin_vendor/lib:/opt/ros/jazzy/opt/gz_fuel_tools_vendor/lib:/opt/ros/jazzy/opt/gz_msgs_vendor/lib:/opt/ros/jazzy/opt/gz_common_vendor/lib:/opt/ros/jazzy/opt/gz_math_vendor/lib:/opt/ros/jazzy/opt/gz_utils_vendor/lib:/opt/ros/jazzy/opt/gz_tools_vendor/lib:/opt/ros/jazzy/opt/gz_ogre_next_vendor/lib:/opt/ros/jazzy/opt/gz_dartsim_vendor/lib:/opt/ros/jazzy/opt/gz_cmake_vendor/lib:/opt/ros/jazzy/lib:/usr/local/cuda/lib64:/usr/local/cuda/lib64', 'HOME': '/home/samuel', 'CHROME_DESKTOP': 'antigravity.desktop', 'OLDPWD': '/home/samuel/Roboticaclase/RvizRobot', 'DESKTOP_SESSION': 'ubuntu', 'NVM_BIN': '/home/samuel/.nvm/versions/node/v24.13.0/bin', 'NVM_INC': '/home/samuel/.nvm/versions/node/v24.13.0/include/node', 'VSCODE_IPC_HOOK': '/run/user/1000/vscode-61b4d792-1.10-main.sock', 'GIO_LAUNCHED_DESKTOP_FILE': '/usr/share/applications/antigravity.desktop', 'ROS_PYTHON_VERSION': '3', 'GNOME_SHELL_SESSION_MODE': 'ubuntu', 'GTK_MODULES': 'gail:atk-bridge', 'PAGER': 'cat', 'LC_MONETARY': 'es_BO.UTF-8', 'MANAGERPID': '4919', 'SYSTEMD_EXEC_PID': '5429', 'GSM_SKIP_SSH_AGENT_WORKAROUND': 'true', 'DBUS_SESSION_BUS_ADDRESS': 'unix:path=/run/user/1000/bus', 'ANTIGRAVITY_AGENT': '1', 'GIO_LAUNCHED_DESKTOP_FILE_PID': '6478', 'NVM_DIR': '/home/samuel/.nvm', 'DEBUGINFOD_URLS': 'https://debuginfod.ubuntu.com', 'ROS_DISTRO': 'jazzy', 'LOGNAME': 'samuel', 'JOURNAL_STREAM': '8:27325', '_': '/usr/bin/colcon', 'ROS_VERSION': '2', 'MEMORY_PRESSURE_WATCH': '/sys/fs/cgroup/user.slice/user-1000.slice/user@1000.service/session.slice/org.gnome.Shell@x11.service/memory.pressure', 'XDG_SESSION_CLASS': 'user', 'USERNAME': 'samuel', 'TERM': 'dumb', 'GNOME_DESKTOP_SESSION_ID': 'this-is-deprecated', 'FC_FONTATIONS': '1', 'WINDOWPATH': '2', 'ANTIGRAVITY_EDITOR_APP_ROOT': '/usr/share/antigravity/resources/app', 'PATH': '/home/samuel/.local/bin:/home/samuel/.nvm/versions/node/v24.13.0/bin:/opt/ros/jazzy/opt/gz_msgs_vendor/bin:/opt/ros/jazzy/opt/gz_tools_vendor/bin:/opt/ros/jazzy/opt/gz_ogre_next_vendor/bin:/opt/ros/jazzy/bin:/usr/local/cuda/bin:/usr/local/cuda/bin:/home/samuel/.local/bin:/usr/local/sbin:/usr/local/bin:/usr/sbin:/usr/bin:/sbin:/bin:/usr/games:/usr/local/games:/snap/bin:/snap/bin:/home/samuel/.lmstudio/bin:/home/samuel/.lmstudio/bin:/home/samuel/.lmstudio/bin', 'SESSION_MANAGER': 'local/Samuel:@/tmp/.ICE-unix/5385,unix/Samuel:/tmp/.ICE-unix/5385', 'INVOCATION_ID': '1b6cd338bd1d44358c80d77e8b2615ec', 'XDG_MENU_PREFIX': 'gnome-', 'LC_ADDRESS': 'es_BO.UTF-8', 'XDG_RUNTIME_DIR': '/run/user/1000', 'GDK_BACKEND': 'x11', 'DISPLAY': ':1', 'LANG': 'en_US.UTF-8', 'XDG_CURRENT_DESKTOP': 'ubuntu:GNOME', 'LC_TELEPHONE': 'es_BO.UTF-8', 'XMODIFIERS': '@im=ibus', 'XDG_SESSION_DESKTOP': 'ubuntu', 'XAUTHORITY': '/run/user/1000/gdm/Xauthority', 'LS_COLORS': '', 'SBX_CHROME_API_RQ': '1', 'SSH_AUTH_SOCK': '/run/user/1000/keyring/ssh', 'AMENT_PREFIX_PATH': '/opt/ros/jazzy', 'SHELL': '/bin/bash', 'LC_NAME': 'es_BO.UTF-8', 'QT_ACCESSIBILITY': '1', 'GDMSESSION': 'ubuntu', 'LESSCLOSE': '/usr/bin/lesspipe %s %s', 'LC_MEASUREMENT': 'es_BO.UTF-8', 'GPG_AGENT_INFO': '/run/user/1000/gnupg/S.gpg-agent:0:1', 'GJS_DEBUG_OUTPUT': 'stderr', 'LC_IDENTIFICATION': 'es_BO.UTF-8', 'ROS_AUTOMATIC_DISCOVERY_RANGE': 'SUBNET', 'QT_IM_MODULE': 'ibus', 'ANTIGRAVITY_TRAJECTORY_ID': '14d2f436-42bc-4ec9-a8ff-726eb1eeacc8', 'PWD': '/home/samuel/Roboticaclase/RvizRobot/build/my_robot_viz', 'TURTLEBOT3_MODEL': 'burger', 'LC_ALL': 'en_US.UTF-8', 'XDG_CONFIG_DIRS': '/etc/xdg/xdg-ubuntu:/etc/xdg', 'VSCODE_CODE_CACHE_PATH': '/home/samuel/.config/Antigravity/CachedData/15487b3041e65228cae24980a3f796c905ef582c', 'NVM_CD_FLAGS': '', 'XDG_DATA_DIRS': '/usr/share/ubuntu:/usr/share/gnome:/home/samuel/.local/share/flatpak/exports/share:/var/lib/flatpak/exports/share:/usr/local/share/:/usr/share/:/var/lib/snapd/desktop', 'PYTHONPATH': '/home/samuel/Roboticaclase/RvizRobot/build/my_robot_viz/prefix_override:/usr/lib/python3/dist-packages/colcon_core/task/python/colcon_distutils_commands:/home/samuel/Roboticaclase/RvizRobot/install/my_robot_viz/lib/python3.12/site-packages:/opt/ros/jazzy/lib/python3.12/site-packages', 'LC_NUMERIC': 'es_BO.UTF-8', 'LC_PAPER': 'es_BO.UTF-8', 'COLCON': '1', 'MEMORY_PRESSURE_WRITE': 'c29tZSAyMDAwMDAgMjAwMDAwMAA=', 'CMAKE_PREFIX_PATH': '/opt/ros/jazzy/opt/gz_sim_vendor:/opt/ros/jazzy/opt/gz_sensors_vendor:/opt/ros/jazzy/opt/gz_physics_vendor:/opt/ros/jazzy/opt/sdformat_vendor:/opt/ros/jazzy/opt/gz_gui_vendor:/opt/ros/jazzy/opt/gz_transport_vendor:/opt/ros/jazzy/opt/gz_rendering_vendor:/opt/ros/jazzy/opt/gz_plugin_vendor:/opt/ros/jazzy/opt/gz_fuel_tools_vendor:/opt/ros/jazzy/opt/gz_msgs_vendor:/opt/ros/jazzy/opt/gz_common_vendor:/opt/ros/jazzy/opt/gz_math_vendor:/opt/ros/jazzy/opt/gz_utils_vendor:/opt/ros/jazzy/opt/gz_tools_vendor:/opt/ros/jazzy/opt/gz_ogre_next_vendor:/opt/ros/jazzy/opt/gz_dartsim_vendor:/opt/ros/jazzy/opt/gz_cmake_vendor', 'VSCODE_PID': '6478'}, 'shell': False}
[1.806722] (-) TimerEvent: {}
[1.907159] (-) TimerEvent: {}
[2.007664] (-) TimerEvent: {}
[2.108104] (-) TimerEvent: {}
[2.208582] (-) TimerEvent: {}
[2.309142] (-) TimerEvent: {}
[2.317832] (my_robot_viz) StdoutLine: {'line': b'running develop\n'}
[2.409255] (-) TimerEvent: {}
[2.509623] (-) TimerEvent: {}
[2.610004] (-) TimerEvent: {}
[2.710394] (-) TimerEvent: {}
[2.762837] (my_robot_viz) StdoutLine: {'line': b'Removing /home/samuel/Roboticaclase/RvizRobot/install/my_robot_viz/lib/python3.12/site-packages/my-robot-viz.egg-link (link to .)\n'}
[2.810537] (-) TimerEvent: {}
[2.822307] (my_robot_viz) CommandEnded: {'returncode': 0}
[2.831731] (my_robot_viz) Command: {'cmd': ['/usr/bin/python3', '-W', 'ignore:setup.py install is deprecated', '-W', 'ignore:easy_install command is deprecated', 'setup.py', 'egg_info', '--egg-base', '../build/my_robot_viz', 'build', '--build-base', '/home/samuel/Roboticaclase/RvizRobot/build/my_robot_viz/build', 'install', '--record', '/home/samuel/Roboticaclase/RvizRobot/build/my_robot_viz/install.log', '--single-version-externally-managed', 'install_data', '--force'], 'cwd': '/home/samuel/Roboticaclase/RvizRobot/my_robot_viz', 'env': {'GJS_DEBUG_TOPICS': 'JS ERROR;JS LOG', 'LESSOPEN': '| /usr/bin/lesspipe %s', 'VSCODE_CWD': '/home/samuel', 'GZ_SIM_RESOURCE_PATH': '/opt/ros/jazzy/share', 'USER': 'samuel', 'LC_TIME': 'es_BO.UTF-8', 'VSCODE_NLS_CONFIG': '{"userLocale":"en-us","osLocale":"en-us","resolvedLanguage":"en","defaultMessagesFile":"/usr/share/antigravity/resources/app/out/nls.messages.json","locale":"en-us","availableLanguages":{}}', 'GZ_CONFIG_PATH': '/opt/ros/jazzy/opt/gz_sim_vendor/share/gz:/opt/ros/jazzy/opt/sdformat_vendor/share/gz:/opt/ros/jazzy/opt/gz_gui_vendor/share/gz:/opt/ros/jazzy/opt/gz_transport_vendor/share/gz:/opt/ros/jazzy/opt/gz_rendering_vendor/share/gz:/opt/ros/jazzy/opt/gz_plugin_vendor/share/gz:/opt/ros/jazzy/opt/gz_fuel_tools_vendor/share/gz:/opt/ros/jazzy/opt/gz_msgs_vendor/share/gz:/opt/ros/jazzy/opt/gz_common_vendor/share/gz', 'XDG_SESSION_TYPE': 'x11', 'CLUTTER_DISABLE_MIPMAPPED_TEXT': '1', 'SHLVL': '1', 'LD_LIBRARY_PATH': '/opt/ros/jazzy/opt/gz_sim_vendor/lib:/opt/ros/jazzy/opt/gz_sensors_vendor/lib:/opt/ros/jazzy/opt/gz_physics_vendor/lib:/opt/ros/jazzy/opt/sdformat_vendor/lib:/opt/ros/jazzy/opt/rviz_ogre_vendor/lib:/opt/ros/jazzy/lib/x86_64-linux-gnu:/opt/ros/jazzy/opt/gz_gui_vendor/lib:/opt/ros/jazzy/opt/gz_transport_vendor/lib:/opt/ros/jazzy/opt/gz_rendering_vendor/lib:/opt/ros/jazzy/opt/gz_plugin_vendor/lib:/opt/ros/jazzy/opt/gz_fuel_tools_vendor/lib:/opt/ros/jazzy/opt/gz_msgs_vendor/lib:/opt/ros/jazzy/opt/gz_common_vendor/lib:/opt/ros/jazzy/opt/gz_math_vendor/lib:/opt/ros/jazzy/opt/gz_utils_vendor/lib:/opt/ros/jazzy/opt/gz_tools_vendor/lib:/opt/ros/jazzy/opt/gz_ogre_next_vendor/lib:/opt/ros/jazzy/opt/gz_dartsim_vendor/lib:/opt/ros/jazzy/opt/gz_cmake_vendor/lib:/opt/ros/jazzy/lib:/usr/local/cuda/lib64:/usr/local/cuda/lib64', 'HOME': '/home/samuel', 'CHROME_DESKTOP': 'antigravity.desktop', 'OLDPWD': '/home/samuel/Roboticaclase/RvizRobot', 'DESKTOP_SESSION': 'ubuntu', 'NVM_BIN': '/home/samuel/.nvm/versions/node/v24.13.0/bin', 'NVM_INC': '/home/samuel/.nvm/versions/node/v24.13.0/include/node', 'VSCODE_IPC_HOOK': '/run/user/1000/vscode-61b4d792-1.10-main.sock', 'GIO_LAUNCHED_DESKTOP_FILE': '/usr/share/applications/antigravity.desktop', 'ROS_PYTHON_VERSION': '3', 'GNOME_SHELL_SESSION_MODE': 'ubuntu', 'GTK_MODULES': 'gail:atk-bridge', 'PAGER': 'cat', 'LC_MONETARY': 'es_BO.UTF-8', 'MANAGERPID': '4919', 'SYSTEMD_EXEC_PID': '5429', 'GSM_SKIP_SSH_AGENT_WORKAROUND': 'true', 'DBUS_SESSION_BUS_ADDRESS': 'unix:path=/run/user/1000/bus', 'ANTIGRAVITY_AGENT': '1', 'GIO_LAUNCHED_DESKTOP_FILE_PID': '6478', 'NVM_DIR': '/home/samuel/.nvm', 'DEBUGINFOD_URLS': 'https://debuginfod.ubuntu.com', 'ROS_DISTRO': 'jazzy', 'LOGNAME': 'samuel', 'JOURNAL_STREAM': '8:27325', '_': '/usr/bin/colcon', 'ROS_VERSION': '2', 'MEMORY_PRESSURE_WATCH': '/sys/fs/cgroup/user.slice/user-1000.slice/user@1000.service/session.slice/org.gnome.Shell@x11.service/memory.pressure', 'XDG_SESSION_CLASS': 'user', 'USERNAME': 'samuel', 'TERM': 'dumb', 'GNOME_DESKTOP_SESSION_ID': 'this-is-deprecated', 'FC_FONTATIONS': '1', 'WINDOWPATH': '2', 'ANTIGRAVITY_EDITOR_APP_ROOT': '/usr/share/antigravity/resources/app', 'PATH': '/home/samuel/.local/bin:/home/samuel/.nvm/versions/node/v24.13.0/bin:/opt/ros/jazzy/opt/gz_msgs_vendor/bin:/opt/ros/jazzy/opt/gz_tools_vendor/bin:/opt/ros/jazzy/opt/gz_ogre_next_vendor/bin:/opt/ros/jazzy/bin:/usr/local/cuda/bin:/usr/local/cuda/bin:/home/samuel/.local/bin:/usr/local/sbin:/usr/local/bin:/usr/sbin:/usr/bin:/sbin:/bin:/usr/games:/usr/local/games:/snap/bin:/snap/bin:/home/samuel/.lmstudio/bin:/home/samuel/.lmstudio/bin:/home/samuel/.lmstudio/bin', 'SESSION_MANAGER': 'local/Samuel:@/tmp/.ICE-unix/5385,unix/Samuel:/tmp/.ICE-unix/5385', 'INVOCATION_ID': '1b6cd338bd1d44358c80d77e8b2615ec', 'XDG_MENU_PREFIX': 'gnome-', 'LC_ADDRESS': 'es_BO.UTF-8', 'XDG_RUNTIME_DIR': '/run/user/1000', 'GDK_BACKEND': 'x11', 'DISPLAY': ':1', 'LANG': 'en_US.UTF-8', 'XDG_CURRENT_DESKTOP': 'ubuntu:GNOME', 'LC_TELEPHONE': 'es_BO.UTF-8', 'XMODIFIERS': '@im=ibus', 'XDG_SESSION_DESKTOP': 'ubuntu', 'XAUTHORITY': '/run/user/1000/gdm/Xauthority', 'LS_COLORS': '', 'SBX_CHROME_API_RQ': '1', 'SSH_AUTH_SOCK': '/run/user/1000/keyring/ssh', 'AMENT_PREFIX_PATH': '/opt/ros/jazzy', 'SHELL': '/bin/bash', 'LC_NAME': 'es_BO.UTF-8', 'QT_ACCESSIBILITY': '1', 'GDMSESSION': 'ubuntu', 'LESSCLOSE': '/usr/bin/lesspipe %s %s', 'LC_MEASUREMENT': 'es_BO.UTF-8', 'GPG_AGENT_INFO': '/run/user/1000/gnupg/S.gpg-agent:0:1', 'GJS_DEBUG_OUTPUT': 'stderr', 'LC_IDENTIFICATION': 'es_BO.UTF-8', 'ROS_AUTOMATIC_DISCOVERY_RANGE': 'SUBNET', 'QT_IM_MODULE': 'ibus', 'ANTIGRAVITY_TRAJECTORY_ID': '14d2f436-42bc-4ec9-a8ff-726eb1eeacc8', 'PWD': '/home/samuel/Roboticaclase/RvizRobot/build/my_robot_viz', 'TURTLEBOT3_MODEL': 'burger', 'LC_ALL': 'en_US.UTF-8', 'XDG_CONFIG_DIRS': '/etc/xdg/xdg-ubuntu:/etc/xdg', 'VSCODE_CODE_CACHE_PATH': '/home/samuel/.config/Antigravity/CachedData/15487b3041e65228cae24980a3f796c905ef582c', 'NVM_CD_FLAGS': '', 'XDG_DATA_DIRS': '/usr/share/ubuntu:/usr/share/gnome:/home/samuel/.local/share/flatpak/exports/share:/var/lib/flatpak/exports/share:/usr/local/share/:/usr/share/:/var/lib/snapd/desktop', 'PYTHONPATH': '/home/samuel/Roboticaclase/RvizRobot/build/my_robot_viz/prefix_override:/usr/lib/python3/dist-packages/colcon_core/task/python/colcon_distutils_commands:/home/samuel/Roboticaclase/RvizRobot/install/my_robot_viz/lib/python3.12/site-packages:/opt/ros/jazzy/lib/python3.12/site-packages', 'LC_NUMERIC': 'es_BO.UTF-8', 'LC_PAPER': 'es_BO.UTF-8', 'COLCON': '1', 'MEMORY_PRESSURE_WRITE': 'c29tZSAyMDAwMDAgMjAwMDAwMAA=', 'CMAKE_PREFIX_PATH': '/opt/ros/jazzy/opt/gz_sim_vendor:/opt/ros/jazzy/opt/gz_sensors_vendor:/opt/ros/jazzy/opt/gz_physics_vendor:/opt/ros/jazzy/opt/sdformat_vendor:/opt/ros/jazzy/opt/gz_gui_vendor:/opt/ros/jazzy/opt/gz_transport_vendor:/opt/ros/jazzy/opt/gz_rendering_vendor:/opt/ros/jazzy/opt/gz_plugin_vendor:/opt/ros/jazzy/opt/gz_fuel_tools_vendor:/opt/ros/jazzy/opt/gz_msgs_vendor:/opt/ros/jazzy/opt/gz_common_vendor:/opt/ros/jazzy/opt/gz_math_vendor:/opt/ros/jazzy/opt/gz_utils_vendor:/opt/ros/jazzy/opt/gz_tools_vendor:/opt/ros/jazzy/opt/gz_ogre_next_vendor:/opt/ros/jazzy/opt/gz_dartsim_vendor:/opt/ros/jazzy/opt/gz_cmake_vendor', 'VSCODE_PID': '6478'}, 'shell': False}
[2.910694] (-) TimerEvent: {}
[3.011285] (-) TimerEvent: {}
[3.111719] (-) TimerEvent: {}
[3.212092] (-) TimerEvent: {}
[3.312518] (-) TimerEvent: {}
[3.319883] (my_robot_viz) StdoutLine: {'line': b'running egg_info\n'}
[3.358710] (my_robot_viz) StdoutLine: {'line': b'writing ../build/my_robot_viz/my_robot_viz.egg-info/PKG-INFO\n'}
[3.359306] (my_robot_viz) StdoutLine: {'line': b'writing dependency_links to ../build/my_robot_viz/my_robot_viz.egg-info/dependency_links.txt\n'}
[3.359611] (my_robot_viz) StdoutLine: {'line': b'writing entry points to ../build/my_robot_viz/my_robot_viz.egg-info/entry_points.txt\n'}
[3.359889] (my_robot_viz) StdoutLine: {'line': b'writing requirements to ../build/my_robot_viz/my_robot_viz.egg-info/requires.txt\n'}
[3.360112] (my_robot_viz) StdoutLine: {'line': b'writing top-level names to ../build/my_robot_viz/my_robot_viz.egg-info/top_level.txt\n'}
[3.412630] (-) TimerEvent: {}
[3.438225] (my_robot_viz) StdoutLine: {'line': b"reading manifest file '../build/my_robot_viz/my_robot_viz.egg-info/SOURCES.txt'\n"}
[3.440080] (my_robot_viz) StdoutLine: {'line': b"writing manifest file '../build/my_robot_viz/my_robot_viz.egg-info/SOURCES.txt'\n"}
[3.440431] (my_robot_viz) StdoutLine: {'line': b'running build\n'}
[3.440642] (my_robot_viz) StdoutLine: {'line': b'running build_py\n'}
[3.440784] (my_robot_viz) StdoutLine: {'line': b'copying my_robot_viz/odom_node.py -> /home/samuel/Roboticaclase/RvizRobot/build/my_robot_viz/build/lib/my_robot_viz\n'}
[3.441110] (my_robot_viz) StdoutLine: {'line': b'running install\n'}
[3.450446] (my_robot_viz) StdoutLine: {'line': b'running install_lib\n'}
[3.493147] (my_robot_viz) StdoutLine: {'line': b'copying /home/samuel/Roboticaclase/RvizRobot/build/my_robot_viz/build/lib/my_robot_viz/odom_node.py -> /home/samuel/Roboticaclase/RvizRobot/install/my_robot_viz/lib/python3.12/site-packages/my_robot_viz\n'}
[3.494551] (my_robot_viz) StdoutLine: {'line': b'byte-compiling /home/samuel/Roboticaclase/RvizRobot/install/my_robot_viz/lib/python3.12/site-packages/my_robot_viz/odom_node.py to odom_node.cpython-312.pyc\n'}
[3.496745] (my_robot_viz) StdoutLine: {'line': b'running install_data\n'}
[3.497054] (my_robot_viz) StdoutLine: {'line': b'copying resource/my_robot_viz -> /home/samuel/Roboticaclase/RvizRobot/install/my_robot_viz/share/ament_index/resource_index/packages\n'}
[3.497244] (my_robot_viz) StdoutLine: {'line': b'copying package.xml -> /home/samuel/Roboticaclase/RvizRobot/install/my_robot_viz/share/my_robot_viz\n'}
[3.497477] (my_robot_viz) StdoutLine: {'line': b'copying launch/visualize.launch.py -> /home/samuel/Roboticaclase/RvizRobot/install/my_robot_viz/share/my_robot_viz/launch\n'}
[3.497661] (my_robot_viz) StdoutLine: {'line': b'copying urdf/robot.urdf.xml -> /home/samuel/Roboticaclase/RvizRobot/install/my_robot_viz/share/my_robot_viz/urdf\n'}
[3.497844] (my_robot_viz) StdoutLine: {'line': b'copying urdf/autitorobotica.urdf -> /home/samuel/Roboticaclase/RvizRobot/install/my_robot_viz/share/my_robot_viz/urdf\n'}
[3.498018] (my_robot_viz) StdoutLine: {'line': b'copying rviz/robot.rviz -> /home/samuel/Roboticaclase/RvizRobot/install/my_robot_viz/share/my_robot_viz/rviz\n'}
[3.498196] (my_robot_viz) StdoutLine: {'line': b'copying meshes/base_link.STL -> /home/samuel/Roboticaclase/RvizRobot/install/my_robot_viz/share/my_robot_viz/meshes\n'}
[3.501781] (my_robot_viz) StdoutLine: {'line': b'copying meshes/A.STL -> /home/samuel/Roboticaclase/RvizRobot/install/my_robot_viz/share/my_robot_viz/meshes\n'}
[3.502217] (my_robot_viz) StdoutLine: {'line': b'copying meshes/B.STL -> /home/samuel/Roboticaclase/RvizRobot/install/my_robot_viz/share/my_robot_viz/meshes\n'}
[3.502680] (my_robot_viz) StdoutLine: {'line': b'copying config/joint_names_autitorobotica.yaml -> /home/samuel/Roboticaclase/RvizRobot/install/my_robot_viz/share/my_robot_viz/config\n'}
[3.503246] (my_robot_viz) StdoutLine: {'line': b'running install_egg_info\n'}
[3.512759] (-) TimerEvent: {}
[3.548989] (my_robot_viz) StdoutLine: {'line': b"removing '/home/samuel/Roboticaclase/RvizRobot/install/my_robot_viz/lib/python3.12/site-packages/my_robot_viz-0.0.0-py3.12.egg-info' (and everything under it)\n"}
[3.549685] (my_robot_viz) StdoutLine: {'line': b'Copying ../build/my_robot_viz/my_robot_viz.egg-info to /home/samuel/Roboticaclase/RvizRobot/install/my_robot_viz/lib/python3.12/site-packages/my_robot_viz-0.0.0-py3.12.egg-info\n'}
[3.551365] (my_robot_viz) StdoutLine: {'line': b'running install_scripts\n'}
[3.612880] (-) TimerEvent: {}
[3.713408] (-) TimerEvent: {}
[3.814003] (-) TimerEvent: {}
[3.820741] (my_robot_viz) StdoutLine: {'line': b'Installing imu_bridge_node script to /home/samuel/Roboticaclase/RvizRobot/install/my_robot_viz/lib/my_robot_viz\n'}
[3.821176] (my_robot_viz) StdoutLine: {'line': b'Installing odom_node script to /home/samuel/Roboticaclase/RvizRobot/install/my_robot_viz/lib/my_robot_viz\n'}
[3.821574] (my_robot_viz) StdoutLine: {'line': b"writing list of installed files to '/home/samuel/Roboticaclase/RvizRobot/build/my_robot_viz/install.log'\n"}
[3.885524] (my_robot_viz) CommandEnded: {'returncode': 0}
[3.905042] (my_robot_viz) JobEnded: {'identifier': 'my_robot_viz', 'rc': 0}
[3.906111] (-) EventReactorShutdown: {}
