[1.843s] Invoking command in '/home/samuel/Roboticaclase/RvizRobot/build/my_robot_viz': DEBUGINFOD_URLS=https://debuginfod.ubuntu.com PYTHONPATH=/home/samuel/Roboticaclase/RvizRobot/build/my_robot_viz/prefix_override:/usr/lib/python3/dist-packages/colcon_core/task/python/colcon_distutils_commands:/home/samuel/Roboticaclase/RvizRobot/install/my_robot_viz/lib/python3.12/site-packages:${PYTHONPATH} /usr/bin/python3 -W ignore:setup.py install is deprecated -W ignore:easy_install command is deprecated setup.py develop --editable --build-directory /home/samuel/Roboticaclase/RvizRobot/build/my_robot_viz/build --no-deps symlink_data --force
[2.428s] running develop
[2.818s] running egg_info
[2.857s] writing my_robot_viz.egg-info/PKG-INFO
[2.858s] writing dependency_links to my_robot_viz.egg-info/dependency_links.txt
[2.858s] writing entry points to my_robot_viz.egg-info/entry_points.txt
[2.858s] writing requirements to my_robot_viz.egg-info/requires.txt
[2.858s] writing top-level names to my_robot_viz.egg-info/top_level.txt
[2.934s] reading manifest file 'my_robot_viz.egg-info/SOURCES.txt'
[2.935s] writing manifest file 'my_robot_viz.egg-info/SOURCES.txt'
[2.976s] running build_ext
[2.976s] Creating /home/samuel/Roboticaclase/RvizRobot/install/my_robot_viz/lib/python3.12/site-packages/my-robot-viz.egg-link (link to .)
[2.976s] Installing imu_bridge_node script to /home/samuel/Roboticaclase/RvizRobot/install/my_robot_viz/lib/my_robot_viz
[2.977s] Installing odom_node script to /home/samuel/Roboticaclase/RvizRobot/install/my_robot_viz/lib/my_robot_viz
[2.977s] 
[2.977s] Installed /home/samuel/Roboticaclase/RvizRobot/build/my_robot_viz
[2.977s] running symlink_data
[2.978s] symbolically linking /home/samuel/Roboticaclase/RvizRobot/build/my_robot_viz/resource/my_robot_viz -> /home/samuel/Roboticaclase/RvizRobot/install/my_robot_viz/share/ament_index/resource_index/packages
[2.978s] symbolically linking /home/samuel/Roboticaclase/RvizRobot/build/my_robot_viz/package.xml -> /home/samuel/Roboticaclase/RvizRobot/install/my_robot_viz/share/my_robot_viz
[2.978s] symbolically linking /home/samuel/Roboticaclase/RvizRobot/build/my_robot_viz/launch/visualize.launch.py -> /home/samuel/Roboticaclase/RvizRobot/install/my_robot_viz/share/my_robot_viz/launch
[2.978s] symbolically linking /home/samuel/Roboticaclase/RvizRobot/build/my_robot_viz/urdf/robot.urdf.xml -> /home/samuel/Roboticaclase/RvizRobot/install/my_robot_viz/share/my_robot_viz/urdf
[2.978s] symbolically linking /home/samuel/Roboticaclase/RvizRobot/build/my_robot_viz/urdf/autitorobotica.urdf -> /home/samuel/Roboticaclase/RvizRobot/install/my_robot_viz/share/my_robot_viz/urdf
[2.978s] symbolically linking /home/samuel/Roboticaclase/RvizRobot/build/my_robot_viz/rviz/robot.rviz -> /home/samuel/Roboticaclase/RvizRobot/install/my_robot_viz/share/my_robot_viz/rviz
[2.979s] symbolically linking /home/samuel/Roboticaclase/RvizRobot/build/my_robot_viz/meshes/base_link.STL -> /home/samuel/Roboticaclase/RvizRobot/install/my_robot_viz/share/my_robot_viz/meshes
[2.979s] symbolically linking /home/samuel/Roboticaclase/RvizRobot/build/my_robot_viz/meshes/A.STL -> /home/samuel/Roboticaclase/RvizRobot/install/my_robot_viz/share/my_robot_viz/meshes
[2.979s] symbolically linking /home/samuel/Roboticaclase/RvizRobot/build/my_robot_viz/meshes/B.STL -> /home/samuel/Roboticaclase/RvizRobot/install/my_robot_viz/share/my_robot_viz/meshes
[2.980s] symbolically linking /home/samuel/Roboticaclase/RvizRobot/build/my_robot_viz/config/joint_names_autitorobotica.yaml -> /home/samuel/Roboticaclase/RvizRobot/install/my_robot_viz/share/my_robot_viz/config
[3.043s] Invoked command in '/home/samuel/Roboticaclase/RvizRobot/build/my_robot_viz' returned '0': DEBUGINFOD_URLS=https://debuginfod.ubuntu.com PYTHONPATH=/home/samuel/Roboticaclase/RvizRobot/build/my_robot_viz/prefix_override:/usr/lib/python3/dist-packages/colcon_core/task/python/colcon_distutils_commands:/home/samuel/Roboticaclase/RvizRobot/install/my_robot_viz/lib/python3.12/site-packages:${PYTHONPATH} /usr/bin/python3 -W ignore:setup.py install is deprecated -W ignore:easy_install command is deprecated setup.py develop --editable --build-directory /home/samuel/Roboticaclase/RvizRobot/build/my_robot_viz/build --no-deps symlink_data --force
