running egg_info
writing ../build/my_robot_viz/my_robot_viz.egg-info/PKG-INFO
writing dependency_links to ../build/my_robot_viz/my_robot_viz.egg-info/dependency_links.txt
writing entry points to ../build/my_robot_viz/my_robot_viz.egg-info/entry_points.txt
writing requirements to ../build/my_robot_viz/my_robot_viz.egg-info/requires.txt
writing top-level names to ../build/my_robot_viz/my_robot_viz.egg-info/top_level.txt
reading manifest file '../build/my_robot_viz/my_robot_viz.egg-info/SOURCES.txt'
writing manifest file '../build/my_robot_viz/my_robot_viz.egg-info/SOURCES.txt'
running build
running build_py
copying my_robot_viz/odom_node.py -> /home/samuel/Roboticaclase/RvizRobot/build/my_robot_viz/build/lib/my_robot_viz
copying my_robot_viz/imu_bridge_node.py -> /home/samuel/Roboticaclase/RvizRobot/build/my_robot_viz/build/lib/my_robot_viz
running install
running install_lib
copying /home/samuel/Roboticaclase/RvizRobot/build/my_robot_viz/build/lib/my_robot_viz/odom_node.py -> /home/samuel/Roboticaclase/RvizRobot/install/my_robot_viz/lib/python3.12/site-packages/my_robot_viz
copying /home/samuel/Roboticaclase/RvizRobot/build/my_robot_viz/build/lib/my_robot_viz/imu_bridge_node.py -> /home/samuel/Roboticaclase/RvizRobot/install/my_robot_viz/lib/python3.12/site-packages/my_robot_viz
byte-compiling /home/samuel/Roboticaclase/RvizRobot/install/my_robot_viz/lib/python3.12/site-packages/my_robot_viz/odom_node.py to odom_node.cpython-312.pyc
byte-compiling /home/samuel/Roboticaclase/RvizRobot/install/my_robot_viz/lib/python3.12/site-packages/my_robot_viz/imu_bridge_node.py to imu_bridge_node.cpython-312.pyc
running install_data
copying rviz/robot.rviz -> /home/samuel/Roboticaclase/RvizRobot/install/my_robot_viz/share/my_robot_viz/rviz
running install_egg_info
removing '/home/samuel/Roboticaclase/RvizRobot/install/my_robot_viz/lib/python3.12/site-packages/my_robot_viz-0.0.0-py3.12.egg-info' (and everything under it)
Copying ../build/my_robot_viz/my_robot_viz.egg-info to /home/samuel/Roboticaclase/RvizRobot/install/my_robot_viz/lib/python3.12/site-packages/my_robot_viz-0.0.0-py3.12.egg-info
running install_scripts
Installing imu_bridge_node script to /home/samuel/Roboticaclase/RvizRobot/install/my_robot_viz/lib/my_robot_viz
Installing odom_node script to /home/samuel/Roboticaclase/RvizRobot/install/my_robot_viz/lib/my_robot_viz
writing list of installed files to '/home/samuel/Roboticaclase/RvizRobot/build/my_robot_viz/install.log'
